#
# A fatal error has been detected by the Java Runtime Environment:
#
#  Internal Error (vmThread.cpp:733), pid=15639, tid=12547
#  fatal error: Nested VM operation CollectForMetadataAllocation requested by operation ChangeBreakpoints
#
# JRE version: OpenJDK Runtime Environment (11.0.10) (build 11.0.10+0-b96-7281165)
# Java VM: OpenJDK 64-Bit Server VM (11.0.10+0-b96-7281165, mixed mode, tiered, compressed oops, g1 gc, bsd-amd64)
# No core dump will be written. Core dumps have been disabled. To enable core dumping, try "ulimit -c unlimited" before starting Java again
#
# If you would like to submit a bug report, please visit:
#   https://bugreport.java.com/bugreport/crash.jsp
#

---------------  S U M M A R Y ------------

Command Line: -Djava.awt.headless=true -Dorg.gradle.internal.worker.tmpdir=/Users/tritranhuu/Documents/AndroidStudioProjects/GeoComply/app/build/tmp/testDebugUnitTest/work -Dorg.gradle.native=false -agentlib:jdwp=transport=dt_socket,server=n,suspend=y,address=53937 --add-opens=java.base/java.util=ALL-UNNAMED --add-opens=java.base/java.lang=ALL-UNNAMED -Xmx512m -Dfile.encoding=UTF-8 -Duser.country=VN -Duser.language=en -Duser.variant -ea worker.org.gradle.process.internal.worker.GradleWorkerMain 'Gradle Test Executor 95'

Host: iMac19,2 x86_64 3200 MHz, 12 cores, 16G, Darwin 20.5.0
Time: Sun Dec 19 12:01:49 2021 +07 elapsed time: 1.061746 seconds (0d 0h 0m 1s)

---------------  T H R E A D  ---------------

Current thread (0x00007fdd74031000):  VMThread "VM Thread" [stack: 0x000070000535a000,0x000070000545a000] [id=12547]

Stack: [0x000070000535a000,0x000070000545a000],  sp=0x0000700005459370,  free space=1020k
Native frames: (J=compiled Java code, A=aot compiled Java code, j=interpreted, Vv=VM code, C=native code)
V  [libjvm.dylib+0x78ee3b]  VMError::report_and_die(int, char const*, char const*, __va_list_tag*, Thread*, unsigned char*, void*, void*, char const*, int, unsigned long)+0x64f
V  [libjvm.dylib+0x78f52f]  VMError::report_and_die(Thread*, void*, char const*, int, char const*, char const*, __va_list_tag*)+0x3f
V  [libjvm.dylib+0x26cd1d]  report_fatal(char const*, int, char const*, ...)+0xb5
V  [libjvm.dylib+0x798fba]  VMThread::execute(VM_Operation*)+0xa6
V  [libjvm.dylib+0x215b31]  CollectedHeap::satisfy_failed_metadata_allocation(ClassLoaderData*, unsigned long, Metaspace::MetadataType)+0x103
V  [libjvm.dylib+0x5adf9d]  Metaspace::allocate(ClassLoaderData*, unsigned long, MetaspaceObj::Type, Thread*)+0xad
V  [libjvm.dylib+0x5bc571]  MethodCounters::allocate(methodHandle const&, Thread*)+0x37
V  [libjvm.dylib+0x5b7b0f]  Method::build_method_counters(Method*, Thread*)+0x65
V  [libjvm.dylib+0x1d3957]  Method::get_method_counters(Thread*)+0x1b
V  [libjvm.dylib+0x5ba353]  BreakpointInfo::set(Method*)+0x39
V  [libjvm.dylib+0x4c2a8d]  JvmtiBreakpoint::each_method_version_do(void (Method::*)(int))+0x3f
V  [libjvm.dylib+0x4c2d98]  JvmtiBreakpoints::set_at_safepoint(JvmtiBreakpoint&)+0x80
V  [libjvm.dylib+0x790a55]  VM_Operation::evaluate()+0xd5
V  [libjvm.dylib+0x798d2d]  VMThread::evaluate_operation(VM_Operation*)+0x13b
V  [libjvm.dylib+0x798919]  VMThread::loop()+0x305
V  [libjvm.dylib+0x798527]  VMThread::run()+0x6f
V  [libjvm.dylib+0x7462b0]  Thread::call_run()+0x68
V  [libjvm.dylib+0x5fc9b9]  thread_native_entry(Thread*)+0x12d
C  [libsystem_pthread.dylib+0x68fc]  _pthread_start+0xe0
C  [libsystem_pthread.dylib+0x2443]  thread_start+0xf

VM_Operation (0x0000700005e7aa18): ChangeBreakpoints, mode: safepoint, requested by thread 0x00007fdd7303b800


---------------  P R O C E S S  ---------------

Threads class SMR info:
_java_thread_list=0x00007fdd72c5dec0, length=15, elements={
0x00007fdd7400d000, 0x00007fdd74039800, 0x00007fdd74036800, 0x00007fdd74042000,
0x00007fdd74811800, 0x00007fdd748da000, 0x00007fdd7880a800, 0x00007fdd7302c800,
0x00007fdd7581a000, 0x00007fdd7303b800, 0x00007fdd73050800, 0x00007fdd73037800,
0x00007fdd7380e800, 0x00007fdd7386e000, 0x00007fdd7311b800
}

Java Threads: ( => current thread )
  0x00007fdd7400d000 JavaThread "main" [_thread_blocked, id=10243, stack(0x0000700004d48000,0x0000700004e48000)]
  0x00007fdd74039800 JavaThread "Reference Handler" daemon [_thread_blocked, id=13059, stack(0x000070000545d000,0x000070000555d000)]
  0x00007fdd74036800 JavaThread "Finalizer" daemon [_thread_blocked, id=13827, stack(0x0000700005560000,0x0000700005660000)]
  0x00007fdd74042000 JavaThread "Signal Dispatcher" daemon [_thread_blocked, id=15363, stack(0x0000700005769000,0x0000700005869000)]
  0x00007fdd74811800 JavaThread "Service Thread" daemon [_thread_blocked, id=22019, stack(0x000070000586c000,0x000070000596c000)]
  0x00007fdd748da000 JavaThread "C2 CompilerThread0" daemon [_thread_blocked, id=22275, stack(0x000070000596f000,0x0000700005a6f000)]
  0x00007fdd7880a800 JavaThread "C1 CompilerThread0" daemon [_thread_blocked, id=22787, stack(0x0000700005a72000,0x0000700005b72000)]
  0x00007fdd7302c800 JavaThread "Sweeper thread" daemon [_thread_blocked, id=42243, stack(0x0000700005b75000,0x0000700005c75000)]
  0x00007fdd7581a000 JavaThread "Common-Cleaner" daemon [_thread_blocked, id=41987, stack(0x0000700005c78000,0x0000700005d78000)]
  0x00007fdd7303b800 JavaThread "JDWP Transport Listener: dt_socket" daemon [_thread_blocked, id=23811, stack(0x0000700005d7b000,0x0000700005e7b000)]
  0x00007fdd73050800 JavaThread "JDWP Event Helper Thread" daemon [_thread_blocked, id=40963, stack(0x0000700005e7e000,0x0000700005f7e000)]
  0x00007fdd73037800 JavaThread "JDWP Command Reader" daemon [_thread_in_native, id=24835, stack(0x0000700005f81000,0x0000700006081000)]
  0x00007fdd7380e800 JavaThread "Test worker" [_thread_blocked, id=39939, stack(0x0000700006187000,0x0000700006287000)]
  0x00007fdd7386e000 JavaThread "/127.0.0.1:53941 to /127.0.0.1:53939 workers Thread 2" [_thread_blocked, id=39683, stack(0x000070000628a000,0x000070000638a000)]
  0x00007fdd7311b800 JavaThread "/127.0.0.1:53941 to /127.0.0.1:53939 workers Thread 3" [_thread_in_native, id=38915, stack(0x000070000638d000,0x000070000648d000)]

Other Threads:
=>0x00007fdd74031000 VMThread "VM Thread" [stack: 0x000070000535a000,0x000070000545a000] [id=12547]
  0x00007fdd74069800 WatcherThread [stack: 0x0000700006084000,0x0000700006184000] [id=25091]
  0x00007fdd7400e000 GCTaskThread "GC Thread#0" [stack: 0x0000700004e4b000,0x0000700004f4b000] [id=11011]
  0x00007fdd730ef800 GCTaskThread "GC Thread#1" [stack: 0x0000700006490000,0x0000700006590000] [id=38659]
  0x00007fdd73106000 GCTaskThread "GC Thread#2" [stack: 0x0000700006593000,0x0000700006693000] [id=38403]
  0x00007fdd730b3800 GCTaskThread "GC Thread#3" [stack: 0x0000700006696000,0x0000700006796000] [id=38147]
  0x00007fdd730a6800 GCTaskThread "GC Thread#4" [stack: 0x0000700006799000,0x0000700006899000] [id=26627]
  0x00007fdd730a7000 GCTaskThread "GC Thread#5" [stack: 0x000070000689c000,0x000070000699c000] [id=37379]
  0x00007fdd7312b000 GCTaskThread "GC Thread#6" [stack: 0x000070000699f000,0x0000700006a9f000] [id=27139]
  0x00007fdd7312b800 GCTaskThread "GC Thread#7" [stack: 0x0000700006aa2000,0x0000700006ba2000] [id=27395]
  0x00007fdd7402a000 ConcurrentGCThread "G1 Main Marker" [stack: 0x0000700004f4e000,0x000070000504e000] [id=19971]
  0x00007fdd7402b000 ConcurrentGCThread "G1 Conc#0" [stack: 0x0000700005051000,0x0000700005151000] [id=11267]
  0x00007fdd748ba800 ConcurrentGCThread "G1 Refine#0" [stack: 0x0000700005154000,0x0000700005254000] [id=11523]
  0x00007fdd748bb000 ConcurrentGCThread "G1 Young RemSet Sampling" [stack: 0x0000700005257000,0x0000700005357000] [id=18435]

Threads with active compile tasks:
C2 CompilerThread0   1074 1906       4       jdk.internal.reflect.ClassFileAssembler::emitConstantPoolUTF8 (50 bytes)

VM state:at safepoint (normal execution)

VM Mutex/Monitor currently owned by a thread:  ([mutex/lock_event])
[0x00007fdd72c114a0] Threads_lock - owner thread: 0x00007fdd74031000

Heap address: 0x00000007e0000000, size: 512 MB, Compressed Oops mode: Zero based, Oop shift amount: 3
Narrow klass base: 0x0000000800000000, Narrow klass shift: 0
Compressed class space size: 1073741824 Address: 0x0000000800000000

Heap:
 garbage-first heap   total 262144K, used 42723K [0x00000007e0000000, 0x0000000800000000)
  region size 1024K, 40 young (40960K), 3 survivors (3072K)
 Metaspace       used 20555K, capacity 21222K, committed 21296K, reserved 1067008K
  class space    used 2641K, capacity 2899K, committed 2944K, reserved 1048576K
Heap Regions: E=young(eden), S=young(survivor), O=old, HS=humongous(starts), HC=humongous(continues), CS=collection set, F=free, A=archive, TAMS=top-at-mark-start (previous, next)
|   0|0x00000007e0000000, 0x00000007e0100000, 0x00000007e0100000|100%| O|  |TAMS 0x00000007e0000000, 0x00000007e0000000| Untracked 
|   1|0x00000007e0100000, 0x00000007e0200000, 0x00000007e0200000|100%| O|  |TAMS 0x00000007e0100000, 0x00000007e0100000| Untracked 
|   2|0x00000007e0200000, 0x00000007e02b8e00, 0x00000007e0300000| 72%| O|  |TAMS 0x00000007e0200000, 0x00000007e0200000| Untracked 
|   3|0x00000007e0300000, 0x00000007e0300000, 0x00000007e0400000|  0%| F|  |TAMS 0x00000007e0300000, 0x00000007e0300000| Untracked 
|   4|0x00000007e0400000, 0x00000007e0400000, 0x00000007e0500000|  0%| F|  |TAMS 0x00000007e0400000, 0x00000007e0400000| Untracked 
|   5|0x00000007e0500000, 0x00000007e0500000, 0x00000007e0600000|  0%| F|  |TAMS 0x00000007e0500000, 0x00000007e0500000| Untracked 
|   6|0x00000007e0600000, 0x00000007e0600000, 0x00000007e0700000|  0%| F|  |TAMS 0x00000007e0600000, 0x00000007e0600000| Untracked 
|   7|0x00000007e0700000, 0x00000007e0700000, 0x00000007e0800000|  0%| F|  |TAMS 0x00000007e0700000, 0x00000007e0700000| Untracked 
|   8|0x00000007e0800000, 0x00000007e0800000, 0x00000007e0900000|  0%| F|  |TAMS 0x00000007e0800000, 0x00000007e0800000| Untracked 
|   9|0x00000007e0900000, 0x00000007e0900000, 0x00000007e0a00000|  0%| F|  |TAMS 0x00000007e0900000, 0x00000007e0900000| Untracked 
|  10|0x00000007e0a00000, 0x00000007e0a00000, 0x00000007e0b00000|  0%| F|  |TAMS 0x00000007e0a00000, 0x00000007e0a00000| Untracked 
|  11|0x00000007e0b00000, 0x00000007e0b00000, 0x00000007e0c00000|  0%| F|  |TAMS 0x00000007e0b00000, 0x00000007e0b00000| Untracked 
|  12|0x00000007e0c00000, 0x00000007e0c00000, 0x00000007e0d00000|  0%| F|  |TAMS 0x00000007e0c00000, 0x00000007e0c00000| Untracked 
|  13|0x00000007e0d00000, 0x00000007e0d00000, 0x00000007e0e00000|  0%| F|  |TAMS 0x00000007e0d00000, 0x00000007e0d00000| Untracked 
|  14|0x00000007e0e00000, 0x00000007e0e00000, 0x00000007e0f00000|  0%| F|  |TAMS 0x00000007e0e00000, 0x00000007e0e00000| Untracked 
|  15|0x00000007e0f00000, 0x00000007e0f00000, 0x00000007e1000000|  0%| F|  |TAMS 0x00000007e0f00000, 0x00000007e0f00000| Untracked 
|  16|0x00000007e1000000, 0x00000007e1000000, 0x00000007e1100000|  0%| F|  |TAMS 0x00000007e1000000, 0x00000007e1000000| Untracked 
|  17|0x00000007e1100000, 0x00000007e1100000, 0x00000007e1200000|  0%| F|  |TAMS 0x00000007e1100000, 0x00000007e1100000| Untracked 
|  18|0x00000007e1200000, 0x00000007e1200000, 0x00000007e1300000|  0%| F|  |TAMS 0x00000007e1200000, 0x00000007e1200000| Untracked 
|  19|0x00000007e1300000, 0x00000007e1300000, 0x00000007e1400000|  0%| F|  |TAMS 0x00000007e1300000, 0x00000007e1300000| Untracked 
|  20|0x00000007e1400000, 0x00000007e1400000, 0x00000007e1500000|  0%| F|  |TAMS 0x00000007e1400000, 0x00000007e1400000| Untracked 
|  21|0x00000007e1500000, 0x00000007e1500000, 0x00000007e1600000|  0%| F|  |TAMS 0x00000007e1500000, 0x00000007e1500000| Untracked 
|  22|0x00000007e1600000, 0x00000007e1600000, 0x00000007e1700000|  0%| F|  |TAMS 0x00000007e1600000, 0x00000007e1600000| Untracked 
|  23|0x00000007e1700000, 0x00000007e1700000, 0x00000007e1800000|  0%| F|  |TAMS 0x00000007e1700000, 0x00000007e1700000| Untracked 
|  24|0x00000007e1800000, 0x00000007e1800000, 0x00000007e1900000|  0%| F|  |TAMS 0x00000007e1800000, 0x00000007e1800000| Untracked 
|  25|0x00000007e1900000, 0x00000007e1900000, 0x00000007e1a00000|  0%| F|  |TAMS 0x00000007e1900000, 0x00000007e1900000| Untracked 
|  26|0x00000007e1a00000, 0x00000007e1a00000, 0x00000007e1b00000|  0%| F|  |TAMS 0x00000007e1a00000, 0x00000007e1a00000| Untracked 
|  27|0x00000007e1b00000, 0x00000007e1b00000, 0x00000007e1c00000|  0%| F|  |TAMS 0x00000007e1b00000, 0x00000007e1b00000| Untracked 
|  28|0x00000007e1c00000, 0x00000007e1c00000, 0x00000007e1d00000|  0%| F|  |TAMS 0x00000007e1c00000, 0x00000007e1c00000| Untracked 
|  29|0x00000007e1d00000, 0x00000007e1d00000, 0x00000007e1e00000|  0%| F|  |TAMS 0x00000007e1d00000, 0x00000007e1d00000| Untracked 
|  30|0x00000007e1e00000, 0x00000007e1e00000, 0x00000007e1f00000|  0%| F|  |TAMS 0x00000007e1e00000, 0x00000007e1e00000| Untracked 
|  31|0x00000007e1f00000, 0x00000007e1f00000, 0x00000007e2000000|  0%| F|  |TAMS 0x00000007e1f00000, 0x00000007e1f00000| Untracked 
|  32|0x00000007e2000000, 0x00000007e2000000, 0x00000007e2100000|  0%| F|  |TAMS 0x00000007e2000000, 0x00000007e2000000| Untracked 
|  33|0x00000007e2100000, 0x00000007e2100000, 0x00000007e2200000|  0%| F|  |TAMS 0x00000007e2100000, 0x00000007e2100000| Untracked 
|  34|0x00000007e2200000, 0x00000007e2200000, 0x00000007e2300000|  0%| F|  |TAMS 0x00000007e2200000, 0x00000007e2200000| Untracked 
|  35|0x00000007e2300000, 0x00000007e2300000, 0x00000007e2400000|  0%| F|  |TAMS 0x00000007e2300000, 0x00000007e2300000| Untracked 
|  36|0x00000007e2400000, 0x00000007e2400000, 0x00000007e2500000|  0%| F|  |TAMS 0x00000007e2400000, 0x00000007e2400000| Untracked 
|  37|0x00000007e2500000, 0x00000007e2500000, 0x00000007e2600000|  0%| F|  |TAMS 0x00000007e2500000, 0x00000007e2500000| Untracked 
|  38|0x00000007e2600000, 0x00000007e2600000, 0x00000007e2700000|  0%| F|  |TAMS 0x00000007e2600000, 0x00000007e2600000| Untracked 
|  39|0x00000007e2700000, 0x00000007e2700000, 0x00000007e2800000|  0%| F|  |TAMS 0x00000007e2700000, 0x00000007e2700000| Untracked 
|  40|0x00000007e2800000, 0x00000007e2800000, 0x00000007e2900000|  0%| F|  |TAMS 0x00000007e2800000, 0x00000007e2800000| Untracked 
|  41|0x00000007e2900000, 0x00000007e2900000, 0x00000007e2a00000|  0%| F|  |TAMS 0x00000007e2900000, 0x00000007e2900000| Untracked 
|  42|0x00000007e2a00000, 0x00000007e2a00000, 0x00000007e2b00000|  0%| F|  |TAMS 0x00000007e2a00000, 0x00000007e2a00000| Untracked 
|  43|0x00000007e2b00000, 0x00000007e2b00000, 0x00000007e2c00000|  0%| F|  |TAMS 0x00000007e2b00000, 0x00000007e2b00000| Untracked 
|  44|0x00000007e2c00000, 0x00000007e2c00000, 0x00000007e2d00000|  0%| F|  |TAMS 0x00000007e2c00000, 0x00000007e2c00000| Untracked 
|  45|0x00000007e2d00000, 0x00000007e2d00000, 0x00000007e2e00000|  0%| F|  |TAMS 0x00000007e2d00000, 0x00000007e2d00000| Untracked 
|  46|0x00000007e2e00000, 0x00000007e2e00000, 0x00000007e2f00000|  0%| F|  |TAMS 0x00000007e2e00000, 0x00000007e2e00000| Untracked 
|  47|0x00000007e2f00000, 0x00000007e2f00000, 0x00000007e3000000|  0%| F|  |TAMS 0x00000007e2f00000, 0x00000007e2f00000| Untracked 
|  48|0x00000007e3000000, 0x00000007e3000000, 0x00000007e3100000|  0%| F|  |TAMS 0x00000007e3000000, 0x00000007e3000000| Untracked 
|  49|0x00000007e3100000, 0x00000007e3100000, 0x00000007e3200000|  0%| F|  |TAMS 0x00000007e3100000, 0x00000007e3100000| Untracked 
|  50|0x00000007e3200000, 0x00000007e3200000, 0x00000007e3300000|  0%| F|  |TAMS 0x00000007e3200000, 0x00000007e3200000| Untracked 
|  51|0x00000007e3300000, 0x00000007e3300000, 0x00000007e3400000|  0%| F|  |TAMS 0x00000007e3300000, 0x00000007e3300000| Untracked 
|  52|0x00000007e3400000, 0x00000007e3400000, 0x00000007e3500000|  0%| F|  |TAMS 0x00000007e3400000, 0x00000007e3400000| Untracked 
|  53|0x00000007e3500000, 0x00000007e3500000, 0x00000007e3600000|  0%| F|  |TAMS 0x00000007e3500000, 0x00000007e3500000| Untracked 
|  54|0x00000007e3600000, 0x00000007e3600000, 0x00000007e3700000|  0%| F|  |TAMS 0x00000007e3600000, 0x00000007e3600000| Untracked 
|  55|0x00000007e3700000, 0x00000007e3700000, 0x00000007e3800000|  0%| F|  |TAMS 0x00000007e3700000, 0x00000007e3700000| Untracked 
|  56|0x00000007e3800000, 0x00000007e3800000, 0x00000007e3900000|  0%| F|  |TAMS 0x00000007e3800000, 0x00000007e3800000| Untracked 
|  57|0x00000007e3900000, 0x00000007e3900000, 0x00000007e3a00000|  0%| F|  |TAMS 0x00000007e3900000, 0x00000007e3900000| Untracked 
|  58|0x00000007e3a00000, 0x00000007e3a00000, 0x00000007e3b00000|  0%| F|  |TAMS 0x00000007e3a00000, 0x00000007e3a00000| Untracked 
|  59|0x00000007e3b00000, 0x00000007e3b00000, 0x00000007e3c00000|  0%| F|  |TAMS 0x00000007e3b00000, 0x00000007e3b00000| Untracked 
|  60|0x00000007e3c00000, 0x00000007e3c00000, 0x00000007e3d00000|  0%| F|  |TAMS 0x00000007e3c00000, 0x00000007e3c00000| Untracked 
|  61|0x00000007e3d00000, 0x00000007e3d00000, 0x00000007e3e00000|  0%| F|  |TAMS 0x00000007e3d00000, 0x00000007e3d00000| Untracked 
|  62|0x00000007e3e00000, 0x00000007e3e00000, 0x00000007e3f00000|  0%| F|  |TAMS 0x00000007e3e00000, 0x00000007e3e00000| Untracked 
|  63|0x00000007e3f00000, 0x00000007e3f00000, 0x00000007e4000000|  0%| F|  |TAMS 0x00000007e3f00000, 0x00000007e3f00000| Untracked 
|  64|0x00000007e4000000, 0x00000007e4000000, 0x00000007e4100000|  0%| F|  |TAMS 0x00000007e4000000, 0x00000007e4000000| Untracked 
|  65|0x00000007e4100000, 0x00000007e4100000, 0x00000007e4200000|  0%| F|  |TAMS 0x00000007e4100000, 0x00000007e4100000| Untracked 
|  66|0x00000007e4200000, 0x00000007e4200000, 0x00000007e4300000|  0%| F|  |TAMS 0x00000007e4200000, 0x00000007e4200000| Untracked 
|  67|0x00000007e4300000, 0x00000007e4300000, 0x00000007e4400000|  0%| F|  |TAMS 0x00000007e4300000, 0x00000007e4300000| Untracked 
|  68|0x00000007e4400000, 0x00000007e4400000, 0x00000007e4500000|  0%| F|  |TAMS 0x00000007e4400000, 0x00000007e4400000| Untracked 
|  69|0x00000007e4500000, 0x00000007e4500000, 0x00000007e4600000|  0%| F|  |TAMS 0x00000007e4500000, 0x00000007e4500000| Untracked 
|  70|0x00000007e4600000, 0x00000007e4600000, 0x00000007e4700000|  0%| F|  |TAMS 0x00000007e4600000, 0x00000007e4600000| Untracked 
|  71|0x00000007e4700000, 0x00000007e4700000, 0x00000007e4800000|  0%| F|  |TAMS 0x00000007e4700000, 0x00000007e4700000| Untracked 
|  72|0x00000007e4800000, 0x00000007e4800000, 0x00000007e4900000|  0%| F|  |TAMS 0x00000007e4800000, 0x00000007e4800000| Untracked 
|  73|0x00000007e4900000, 0x00000007e4900000, 0x00000007e4a00000|  0%| F|  |TAMS 0x00000007e4900000, 0x00000007e4900000| Untracked 
|  74|0x00000007e4a00000, 0x00000007e4a00000, 0x00000007e4b00000|  0%| F|  |TAMS 0x00000007e4a00000, 0x00000007e4a00000| Untracked 
|  75|0x00000007e4b00000, 0x00000007e4b00000, 0x00000007e4c00000|  0%| F|  |TAMS 0x00000007e4b00000, 0x00000007e4b00000| Untracked 
|  76|0x00000007e4c00000, 0x00000007e4c00000, 0x00000007e4d00000|  0%| F|  |TAMS 0x00000007e4c00000, 0x00000007e4c00000| Untracked 
|  77|0x00000007e4d00000, 0x00000007e4d00000, 0x00000007e4e00000|  0%| F|  |TAMS 0x00000007e4d00000, 0x00000007e4d00000| Untracked 
|  78|0x00000007e4e00000, 0x00000007e4e00000, 0x00000007e4f00000|  0%| F|  |TAMS 0x00000007e4e00000, 0x00000007e4e00000| Untracked 
|  79|0x00000007e4f00000, 0x00000007e4f00000, 0x00000007e5000000|  0%| F|  |TAMS 0x00000007e4f00000, 0x00000007e4f00000| Untracked 
|  80|0x00000007e5000000, 0x00000007e5000000, 0x00000007e5100000|  0%| F|  |TAMS 0x00000007e5000000, 0x00000007e5000000| Untracked 
|  81|0x00000007e5100000, 0x00000007e5100000, 0x00000007e5200000|  0%| F|  |TAMS 0x00000007e5100000, 0x00000007e5100000| Untracked 
|  82|0x00000007e5200000, 0x00000007e5200000, 0x00000007e5300000|  0%| F|  |TAMS 0x00000007e5200000, 0x00000007e5200000| Untracked 
|  83|0x00000007e5300000, 0x00000007e5300000, 0x00000007e5400000|  0%| F|  |TAMS 0x00000007e5300000, 0x00000007e5300000| Untracked 
|  84|0x00000007e5400000, 0x00000007e5400000, 0x00000007e5500000|  0%| F|  |TAMS 0x00000007e5400000, 0x00000007e5400000| Untracked 
|  85|0x00000007e5500000, 0x00000007e5500000, 0x00000007e5600000|  0%| F|  |TAMS 0x00000007e5500000, 0x00000007e5500000| Untracked 
|  86|0x00000007e5600000, 0x00000007e5600000, 0x00000007e5700000|  0%| F|  |TAMS 0x00000007e5600000, 0x00000007e5600000| Untracked 
|  87|0x00000007e5700000, 0x00000007e5700000, 0x00000007e5800000|  0%| F|  |TAMS 0x00000007e5700000, 0x00000007e5700000| Untracked 
|  88|0x00000007e5800000, 0x00000007e5800000, 0x00000007e5900000|  0%| F|  |TAMS 0x00000007e5800000, 0x00000007e5800000| Untracked 
|  89|0x00000007e5900000, 0x00000007e5900000, 0x00000007e5a00000|  0%| F|  |TAMS 0x00000007e5900000, 0x00000007e5900000| Untracked 
|  90|0x00000007e5a00000, 0x00000007e5a00000, 0x00000007e5b00000|  0%| F|  |TAMS 0x00000007e5a00000, 0x00000007e5a00000| Untracked 
|  91|0x00000007e5b00000, 0x00000007e5b00000, 0x00000007e5c00000|  0%| F|  |TAMS 0x00000007e5b00000, 0x00000007e5b00000| Untracked 
|  92|0x00000007e5c00000, 0x00000007e5c00000, 0x00000007e5d00000|  0%| F|  |TAMS 0x00000007e5c00000, 0x00000007e5c00000| Untracked 
|  93|0x00000007e5d00000, 0x00000007e5d00000, 0x00000007e5e00000|  0%| F|  |TAMS 0x00000007e5d00000, 0x00000007e5d00000| Untracked 
|  94|0x00000007e5e00000, 0x00000007e5e00000, 0x00000007e5f00000|  0%| F|  |TAMS 0x00000007e5e00000, 0x00000007e5e00000| Untracked 
|  95|0x00000007e5f00000, 0x00000007e5f00000, 0x00000007e6000000|  0%| F|  |TAMS 0x00000007e5f00000, 0x00000007e5f00000| Untracked 
|  96|0x00000007e6000000, 0x00000007e6000000, 0x00000007e6100000|  0%| F|  |TAMS 0x00000007e6000000, 0x00000007e6000000| Untracked 
|  97|0x00000007e6100000, 0x00000007e6100000, 0x00000007e6200000|  0%| F|  |TAMS 0x00000007e6100000, 0x00000007e6100000| Untracked 
|  98|0x00000007e6200000, 0x00000007e6200000, 0x00000007e6300000|  0%| F|  |TAMS 0x00000007e6200000, 0x00000007e6200000| Untracked 
|  99|0x00000007e6300000, 0x00000007e6300000, 0x00000007e6400000|  0%| F|  |TAMS 0x00000007e6300000, 0x00000007e6300000| Untracked 
| 100|0x00000007e6400000, 0x00000007e6400000, 0x00000007e6500000|  0%| F|  |TAMS 0x00000007e6400000, 0x00000007e6400000| Untracked 
| 101|0x00000007e6500000, 0x00000007e6500000, 0x00000007e6600000|  0%| F|  |TAMS 0x00000007e6500000, 0x00000007e6500000| Untracked 
| 102|0x00000007e6600000, 0x00000007e6600000, 0x00000007e6700000|  0%| F|  |TAMS 0x00000007e6600000, 0x00000007e6600000| Untracked 
| 103|0x00000007e6700000, 0x00000007e6700000, 0x00000007e6800000|  0%| F|  |TAMS 0x00000007e6700000, 0x00000007e6700000| Untracked 
| 104|0x00000007e6800000, 0x00000007e6800000, 0x00000007e6900000|  0%| F|  |TAMS 0x00000007e6800000, 0x00000007e6800000| Untracked 
| 105|0x00000007e6900000, 0x00000007e6900000, 0x00000007e6a00000|  0%| F|  |TAMS 0x00000007e6900000, 0x00000007e6900000| Untracked 
| 106|0x00000007e6a00000, 0x00000007e6a00000, 0x00000007e6b00000|  0%| F|  |TAMS 0x00000007e6a00000, 0x00000007e6a00000| Untracked 
| 107|0x00000007e6b00000, 0x00000007e6b00000, 0x00000007e6c00000|  0%| F|  |TAMS 0x00000007e6b00000, 0x00000007e6b00000| Untracked 
| 108|0x00000007e6c00000, 0x00000007e6c00000, 0x00000007e6d00000|  0%| F|  |TAMS 0x00000007e6c00000, 0x00000007e6c00000| Untracked 
| 109|0x00000007e6d00000, 0x00000007e6d00000, 0x00000007e6e00000|  0%| F|  |TAMS 0x00000007e6d00000, 0x00000007e6d00000| Untracked 
| 110|0x00000007e6e00000, 0x00000007e6e00000, 0x00000007e6f00000|  0%| F|  |TAMS 0x00000007e6e00000, 0x00000007e6e00000| Untracked 
| 111|0x00000007e6f00000, 0x00000007e6f00000, 0x00000007e7000000|  0%| F|  |TAMS 0x00000007e6f00000, 0x00000007e6f00000| Untracked 
| 112|0x00000007e7000000, 0x00000007e7000000, 0x00000007e7100000|  0%| F|  |TAMS 0x00000007e7000000, 0x00000007e7000000| Untracked 
| 113|0x00000007e7100000, 0x00000007e7100000, 0x00000007e7200000|  0%| F|  |TAMS 0x00000007e7100000, 0x00000007e7100000| Untracked 
| 114|0x00000007e7200000, 0x00000007e7200000, 0x00000007e7300000|  0%| F|  |TAMS 0x00000007e7200000, 0x00000007e7200000| Untracked 
| 115|0x00000007e7300000, 0x00000007e7300000, 0x00000007e7400000|  0%| F|  |TAMS 0x00000007e7300000, 0x00000007e7300000| Untracked 
| 116|0x00000007e7400000, 0x00000007e7400000, 0x00000007e7500000|  0%| F|  |TAMS 0x00000007e7400000, 0x00000007e7400000| Untracked 
| 117|0x00000007e7500000, 0x00000007e7500000, 0x00000007e7600000|  0%| F|  |TAMS 0x00000007e7500000, 0x00000007e7500000| Untracked 
| 118|0x00000007e7600000, 0x00000007e7600000, 0x00000007e7700000|  0%| F|  |TAMS 0x00000007e7600000, 0x00000007e7600000| Untracked 
| 119|0x00000007e7700000, 0x00000007e7700000, 0x00000007e7800000|  0%| F|  |TAMS 0x00000007e7700000, 0x00000007e7700000| Untracked 
| 120|0x00000007e7800000, 0x00000007e7800000, 0x00000007e7900000|  0%| F|  |TAMS 0x00000007e7800000, 0x00000007e7800000| Untracked 
| 121|0x00000007e7900000, 0x00000007e7900000, 0x00000007e7a00000|  0%| F|  |TAMS 0x00000007e7900000, 0x00000007e7900000| Untracked 
| 122|0x00000007e7a00000, 0x00000007e7a00000, 0x00000007e7b00000|  0%| F|  |TAMS 0x00000007e7a00000, 0x00000007e7a00000| Untracked 
| 123|0x00000007e7b00000, 0x00000007e7b00000, 0x00000007e7c00000|  0%| F|  |TAMS 0x00000007e7b00000, 0x00000007e7b00000| Untracked 
| 124|0x00000007e7c00000, 0x00000007e7c00000, 0x00000007e7d00000|  0%| F|  |TAMS 0x00000007e7c00000, 0x00000007e7c00000| Untracked 
| 125|0x00000007e7d00000, 0x00000007e7d00000, 0x00000007e7e00000|  0%| F|  |TAMS 0x00000007e7d00000, 0x00000007e7d00000| Untracked 
| 126|0x00000007e7e00000, 0x00000007e7e00000, 0x00000007e7f00000|  0%| F|  |TAMS 0x00000007e7e00000, 0x00000007e7e00000| Untracked 
| 127|0x00000007e7f00000, 0x00000007e7f00000, 0x00000007e8000000|  0%| F|  |TAMS 0x00000007e7f00000, 0x00000007e7f00000| Untracked 
| 128|0x00000007e8000000, 0x00000007e8000000, 0x00000007e8100000|  0%| F|  |TAMS 0x00000007e8000000, 0x00000007e8000000| Untracked 
| 129|0x00000007e8100000, 0x00000007e8100000, 0x00000007e8200000|  0%| F|  |TAMS 0x00000007e8100000, 0x00000007e8100000| Untracked 
| 130|0x00000007e8200000, 0x00000007e8200000, 0x00000007e8300000|  0%| F|  |TAMS 0x00000007e8200000, 0x00000007e8200000| Untracked 
| 131|0x00000007e8300000, 0x00000007e8300000, 0x00000007e8400000|  0%| F|  |TAMS 0x00000007e8300000, 0x00000007e8300000| Untracked 
| 132|0x00000007e8400000, 0x00000007e8400000, 0x00000007e8500000|  0%| F|  |TAMS 0x00000007e8400000, 0x00000007e8400000| Untracked 
| 133|0x00000007e8500000, 0x00000007e8500000, 0x00000007e8600000|  0%| F|  |TAMS 0x00000007e8500000, 0x00000007e8500000| Untracked 
| 134|0x00000007e8600000, 0x00000007e8600000, 0x00000007e8700000|  0%| F|  |TAMS 0x00000007e8600000, 0x00000007e8600000| Untracked 
| 135|0x00000007e8700000, 0x00000007e8700000, 0x00000007e8800000|  0%| F|  |TAMS 0x00000007e8700000, 0x00000007e8700000| Untracked 
| 136|0x00000007e8800000, 0x00000007e8800000, 0x00000007e8900000|  0%| F|  |TAMS 0x00000007e8800000, 0x00000007e8800000| Untracked 
| 137|0x00000007e8900000, 0x00000007e8900000, 0x00000007e8a00000|  0%| F|  |TAMS 0x00000007e8900000, 0x00000007e8900000| Untracked 
| 138|0x00000007e8a00000, 0x00000007e8a00000, 0x00000007e8b00000|  0%| F|  |TAMS 0x00000007e8a00000, 0x00000007e8a00000| Untracked 
| 139|0x00000007e8b00000, 0x00000007e8b00000, 0x00000007e8c00000|  0%| F|  |TAMS 0x00000007e8b00000, 0x00000007e8b00000| Untracked 
| 140|0x00000007e8c00000, 0x00000007e8c00000, 0x00000007e8d00000|  0%| F|  |TAMS 0x00000007e8c00000, 0x00000007e8c00000| Untracked 
| 141|0x00000007e8d00000, 0x00000007e8d00000, 0x00000007e8e00000|  0%| F|  |TAMS 0x00000007e8d00000, 0x00000007e8d00000| Untracked 
| 142|0x00000007e8e00000, 0x00000007e8e00000, 0x00000007e8f00000|  0%| F|  |TAMS 0x00000007e8e00000, 0x00000007e8e00000| Untracked 
| 143|0x00000007e8f00000, 0x00000007e8f00000, 0x00000007e9000000|  0%| F|  |TAMS 0x00000007e8f00000, 0x00000007e8f00000| Untracked 
| 144|0x00000007e9000000, 0x00000007e9000000, 0x00000007e9100000|  0%| F|  |TAMS 0x00000007e9000000, 0x00000007e9000000| Untracked 
| 145|0x00000007e9100000, 0x00000007e9100000, 0x00000007e9200000|  0%| F|  |TAMS 0x00000007e9100000, 0x00000007e9100000| Untracked 
| 146|0x00000007e9200000, 0x00000007e9200000, 0x00000007e9300000|  0%| F|  |TAMS 0x00000007e9200000, 0x00000007e9200000| Untracked 
| 147|0x00000007e9300000, 0x00000007e9300000, 0x00000007e9400000|  0%| F|  |TAMS 0x00000007e9300000, 0x00000007e9300000| Untracked 
| 148|0x00000007e9400000, 0x00000007e9400000, 0x00000007e9500000|  0%| F|  |TAMS 0x00000007e9400000, 0x00000007e9400000| Untracked 
| 149|0x00000007e9500000, 0x00000007e9500000, 0x00000007e9600000|  0%| F|  |TAMS 0x00000007e9500000, 0x00000007e9500000| Untracked 
| 150|0x00000007e9600000, 0x00000007e9600000, 0x00000007e9700000|  0%| F|  |TAMS 0x00000007e9600000, 0x00000007e9600000| Untracked 
| 151|0x00000007e9700000, 0x00000007e9700000, 0x00000007e9800000|  0%| F|  |TAMS 0x00000007e9700000, 0x00000007e9700000| Untracked 
| 152|0x00000007e9800000, 0x00000007e9800000, 0x00000007e9900000|  0%| F|  |TAMS 0x00000007e9800000, 0x00000007e9800000| Untracked 
| 153|0x00000007e9900000, 0x00000007e9900000, 0x00000007e9a00000|  0%| F|  |TAMS 0x00000007e9900000, 0x00000007e9900000| Untracked 
| 154|0x00000007e9a00000, 0x00000007e9a00000, 0x00000007e9b00000|  0%| F|  |TAMS 0x00000007e9a00000, 0x00000007e9a00000| Untracked 
| 155|0x00000007e9b00000, 0x00000007e9b00000, 0x00000007e9c00000|  0%| F|  |TAMS 0x00000007e9b00000, 0x00000007e9b00000| Untracked 
| 156|0x00000007e9c00000, 0x00000007e9c00000, 0x00000007e9d00000|  0%| F|  |TAMS 0x00000007e9c00000, 0x00000007e9c00000| Untracked 
| 157|0x00000007e9d00000, 0x00000007e9d00000, 0x00000007e9e00000|  0%| F|  |TAMS 0x00000007e9d00000, 0x00000007e9d00000| Untracked 
| 158|0x00000007e9e00000, 0x00000007e9e00000, 0x00000007e9f00000|  0%| F|  |TAMS 0x00000007e9e00000, 0x00000007e9e00000| Untracked 
| 159|0x00000007e9f00000, 0x00000007e9f00000, 0x00000007ea000000|  0%| F|  |TAMS 0x00000007e9f00000, 0x00000007e9f00000| Untracked 
| 160|0x00000007ea000000, 0x00000007ea000000, 0x00000007ea100000|  0%| F|  |TAMS 0x00000007ea000000, 0x00000007ea000000| Untracked 
| 161|0x00000007ea100000, 0x00000007ea100000, 0x00000007ea200000|  0%| F|  |TAMS 0x00000007ea100000, 0x00000007ea100000| Untracked 
| 162|0x00000007ea200000, 0x00000007ea200000, 0x00000007ea300000|  0%| F|  |TAMS 0x00000007ea200000, 0x00000007ea200000| Untracked 
| 163|0x00000007ea300000, 0x00000007ea300000, 0x00000007ea400000|  0%| F|  |TAMS 0x00000007ea300000, 0x00000007ea300000| Untracked 
| 164|0x00000007ea400000, 0x00000007ea400000, 0x00000007ea500000|  0%| F|  |TAMS 0x00000007ea400000, 0x00000007ea400000| Untracked 
| 165|0x00000007ea500000, 0x00000007ea500000, 0x00000007ea600000|  0%| F|  |TAMS 0x00000007ea500000, 0x00000007ea500000| Untracked 
| 166|0x00000007ea600000, 0x00000007ea600000, 0x00000007ea700000|  0%| F|  |TAMS 0x00000007ea600000, 0x00000007ea600000| Untracked 
| 167|0x00000007ea700000, 0x00000007ea700000, 0x00000007ea800000|  0%| F|  |TAMS 0x00000007ea700000, 0x00000007ea700000| Untracked 
| 168|0x00000007ea800000, 0x00000007ea800000, 0x00000007ea900000|  0%| F|  |TAMS 0x00000007ea800000, 0x00000007ea800000| Untracked 
| 169|0x00000007ea900000, 0x00000007ea900000, 0x00000007eaa00000|  0%| F|  |TAMS 0x00000007ea900000, 0x00000007ea900000| Untracked 
| 170|0x00000007eaa00000, 0x00000007eaa00000, 0x00000007eab00000|  0%| F|  |TAMS 0x00000007eaa00000, 0x00000007eaa00000| Untracked 
| 171|0x00000007eab00000, 0x00000007eab00000, 0x00000007eac00000|  0%| F|  |TAMS 0x00000007eab00000, 0x00000007eab00000| Untracked 
| 172|0x00000007eac00000, 0x00000007eac00000, 0x00000007ead00000|  0%| F|  |TAMS 0x00000007eac00000, 0x00000007eac00000| Untracked 
| 173|0x00000007ead00000, 0x00000007ead00000, 0x00000007eae00000|  0%| F|  |TAMS 0x00000007ead00000, 0x00000007ead00000| Untracked 
| 174|0x00000007eae00000, 0x00000007eae00000, 0x00000007eaf00000|  0%| F|  |TAMS 0x00000007eae00000, 0x00000007eae00000| Untracked 
| 175|0x00000007eaf00000, 0x00000007eaf00000, 0x00000007eb000000|  0%| F|  |TAMS 0x00000007eaf00000, 0x00000007eaf00000| Untracked 
| 176|0x00000007eb000000, 0x00000007eb000000, 0x00000007eb100000|  0%| F|  |TAMS 0x00000007eb000000, 0x00000007eb000000| Untracked 
| 177|0x00000007eb100000, 0x00000007eb100000, 0x00000007eb200000|  0%| F|  |TAMS 0x00000007eb100000, 0x00000007eb100000| Untracked 
| 178|0x00000007eb200000, 0x00000007eb200000, 0x00000007eb300000|  0%| F|  |TAMS 0x00000007eb200000, 0x00000007eb200000| Untracked 
| 179|0x00000007eb300000, 0x00000007eb300000, 0x00000007eb400000|  0%| F|  |TAMS 0x00000007eb300000, 0x00000007eb300000| Untracked 
| 180|0x00000007eb400000, 0x00000007eb400000, 0x00000007eb500000|  0%| F|  |TAMS 0x00000007eb400000, 0x00000007eb400000| Untracked 
| 181|0x00000007eb500000, 0x00000007eb500000, 0x00000007eb600000|  0%| F|  |TAMS 0x00000007eb500000, 0x00000007eb500000| Untracked 
| 182|0x00000007eb600000, 0x00000007eb600000, 0x00000007eb700000|  0%| F|  |TAMS 0x00000007eb600000, 0x00000007eb600000| Untracked 
| 183|0x00000007eb700000, 0x00000007eb700000, 0x00000007eb800000|  0%| F|  |TAMS 0x00000007eb700000, 0x00000007eb700000| Untracked 
| 184|0x00000007eb800000, 0x00000007eb800000, 0x00000007eb900000|  0%| F|  |TAMS 0x00000007eb800000, 0x00000007eb800000| Untracked 
| 185|0x00000007eb900000, 0x00000007eb900000, 0x00000007eba00000|  0%| F|  |TAMS 0x00000007eb900000, 0x00000007eb900000| Untracked 
| 186|0x00000007eba00000, 0x00000007eba00000, 0x00000007ebb00000|  0%| F|  |TAMS 0x00000007eba00000, 0x00000007eba00000| Untracked 
| 187|0x00000007ebb00000, 0x00000007ebb00000, 0x00000007ebc00000|  0%| F|  |TAMS 0x00000007ebb00000, 0x00000007ebb00000| Untracked 
| 188|0x00000007ebc00000, 0x00000007ebc00000, 0x00000007ebd00000|  0%| F|  |TAMS 0x00000007ebc00000, 0x00000007ebc00000| Untracked 
| 189|0x00000007ebd00000, 0x00000007ebd00000, 0x00000007ebe00000|  0%| F|  |TAMS 0x00000007ebd00000, 0x00000007ebd00000| Untracked 
| 190|0x00000007ebe00000, 0x00000007ebe00000, 0x00000007ebf00000|  0%| F|  |TAMS 0x00000007ebe00000, 0x00000007ebe00000| Untracked 
| 191|0x00000007ebf00000, 0x00000007ebf00000, 0x00000007ec000000|  0%| F|  |TAMS 0x00000007ebf00000, 0x00000007ebf00000| Untracked 
| 192|0x00000007ec000000, 0x00000007ec000000, 0x00000007ec100000|  0%| F|  |TAMS 0x00000007ec000000, 0x00000007ec000000| Untracked 
| 193|0x00000007ec100000, 0x00000007ec100000, 0x00000007ec200000|  0%| F|  |TAMS 0x00000007ec100000, 0x00000007ec100000| Untracked 
| 194|0x00000007ec200000, 0x00000007ec200000, 0x00000007ec300000|  0%| F|  |TAMS 0x00000007ec200000, 0x00000007ec200000| Untracked 
| 195|0x00000007ec300000, 0x00000007ec300000, 0x00000007ec400000|  0%| F|  |TAMS 0x00000007ec300000, 0x00000007ec300000| Untracked 
| 196|0x00000007ec400000, 0x00000007ec400000, 0x00000007ec500000|  0%| F|  |TAMS 0x00000007ec400000, 0x00000007ec400000| Untracked 
| 197|0x00000007ec500000, 0x00000007ec500000, 0x00000007ec600000|  0%| F|  |TAMS 0x00000007ec500000, 0x00000007ec500000| Untracked 
| 198|0x00000007ec600000, 0x00000007ec600000, 0x00000007ec700000|  0%| F|  |TAMS 0x00000007ec600000, 0x00000007ec600000| Untracked 
| 199|0x00000007ec700000, 0x00000007ec700000, 0x00000007ec800000|  0%| F|  |TAMS 0x00000007ec700000, 0x00000007ec700000| Untracked 
| 200|0x00000007ec800000, 0x00000007ec800000, 0x00000007ec900000|  0%| F|  |TAMS 0x00000007ec800000, 0x00000007ec800000| Untracked 
| 201|0x00000007ec900000, 0x00000007ec900000, 0x00000007eca00000|  0%| F|  |TAMS 0x00000007ec900000, 0x00000007ec900000| Untracked 
| 202|0x00000007eca00000, 0x00000007eca00000, 0x00000007ecb00000|  0%| F|  |TAMS 0x00000007eca00000, 0x00000007eca00000| Untracked 
| 203|0x00000007ecb00000, 0x00000007ecb00000, 0x00000007ecc00000|  0%| F|  |TAMS 0x00000007ecb00000, 0x00000007ecb00000| Untracked 
| 204|0x00000007ecc00000, 0x00000007ecc00000, 0x00000007ecd00000|  0%| F|  |TAMS 0x00000007ecc00000, 0x00000007ecc00000| Untracked 
| 205|0x00000007ecd00000, 0x00000007ecd00000, 0x00000007ece00000|  0%| F|  |TAMS 0x00000007ecd00000, 0x00000007ecd00000| Untracked 
| 206|0x00000007ece00000, 0x00000007ece00000, 0x00000007ecf00000|  0%| F|  |TAMS 0x00000007ece00000, 0x00000007ece00000| Untracked 
| 207|0x00000007ecf00000, 0x00000007ecf00000, 0x00000007ed000000|  0%| F|  |TAMS 0x00000007ecf00000, 0x00000007ecf00000| Untracked 
| 208|0x00000007ed000000, 0x00000007ed000000, 0x00000007ed100000|  0%| F|  |TAMS 0x00000007ed000000, 0x00000007ed000000| Untracked 
| 209|0x00000007ed100000, 0x00000007ed100000, 0x00000007ed200000|  0%| F|  |TAMS 0x00000007ed100000, 0x00000007ed100000| Untracked 
| 210|0x00000007ed200000, 0x00000007ed200000, 0x00000007ed300000|  0%| F|  |TAMS 0x00000007ed200000, 0x00000007ed200000| Untracked 
| 211|0x00000007ed300000, 0x00000007ed300000, 0x00000007ed400000|  0%| F|  |TAMS 0x00000007ed300000, 0x00000007ed300000| Untracked 
| 212|0x00000007ed400000, 0x00000007ed400000, 0x00000007ed500000|  0%| F|  |TAMS 0x00000007ed400000, 0x00000007ed400000| Untracked 
| 213|0x00000007ed500000, 0x00000007ed500000, 0x00000007ed600000|  0%| F|  |TAMS 0x00000007ed500000, 0x00000007ed500000| Untracked 
| 214|0x00000007ed600000, 0x00000007ed600000, 0x00000007ed700000|  0%| F|  |TAMS 0x00000007ed600000, 0x00000007ed600000| Untracked 
| 215|0x00000007ed700000, 0x00000007ed700000, 0x00000007ed800000|  0%| F|  |TAMS 0x00000007ed700000, 0x00000007ed700000| Untracked 
| 216|0x00000007ed800000, 0x00000007ed880800, 0x00000007ed900000| 50%| E|  |TAMS 0x00000007ed800000, 0x00000007ed800000| Complete 
| 217|0x00000007ed900000, 0x00000007eda00000, 0x00000007eda00000|100%| E|CS|TAMS 0x00000007ed900000, 0x00000007ed900000| Complete 
| 218|0x00000007eda00000, 0x00000007edb00000, 0x00000007edb00000|100%| E|CS|TAMS 0x00000007eda00000, 0x00000007eda00000| Complete 
| 219|0x00000007edb00000, 0x00000007edc00000, 0x00000007edc00000|100%| E|CS|TAMS 0x00000007edb00000, 0x00000007edb00000| Complete 
| 220|0x00000007edc00000, 0x00000007edd00000, 0x00000007edd00000|100%| E|CS|TAMS 0x00000007edc00000, 0x00000007edc00000| Complete 
| 221|0x00000007edd00000, 0x00000007ede00000, 0x00000007ede00000|100%| E|CS|TAMS 0x00000007edd00000, 0x00000007edd00000| Complete 
| 222|0x00000007ede00000, 0x00000007edf00000, 0x00000007edf00000|100%| E|CS|TAMS 0x00000007ede00000, 0x00000007ede00000| Complete 
| 223|0x00000007edf00000, 0x00000007ee000000, 0x00000007ee000000|100%| E|CS|TAMS 0x00000007edf00000, 0x00000007edf00000| Complete 
| 224|0x00000007ee000000, 0x00000007ee100000, 0x00000007ee100000|100%| E|CS|TAMS 0x00000007ee000000, 0x00000007ee000000| Complete 
| 225|0x00000007ee100000, 0x00000007ee200000, 0x00000007ee200000|100%| E|CS|TAMS 0x00000007ee100000, 0x00000007ee100000| Complete 
| 226|0x00000007ee200000, 0x00000007ee300000, 0x00000007ee300000|100%| E|CS|TAMS 0x00000007ee200000, 0x00000007ee200000| Complete 
| 227|0x00000007ee300000, 0x00000007ee400000, 0x00000007ee400000|100%| E|CS|TAMS 0x00000007ee300000, 0x00000007ee300000| Complete 
| 228|0x00000007ee400000, 0x00000007ee500000, 0x00000007ee500000|100%| E|CS|TAMS 0x00000007ee400000, 0x00000007ee400000| Complete 
| 229|0x00000007ee500000, 0x00000007ee600000, 0x00000007ee600000|100%| S|CS|TAMS 0x00000007ee500000, 0x00000007ee500000| Complete 
| 230|0x00000007ee600000, 0x00000007ee700000, 0x00000007ee700000|100%| S|CS|TAMS 0x00000007ee600000, 0x00000007ee600000| Complete 
| 231|0x00000007ee700000, 0x00000007ee800000, 0x00000007ee800000|100%| S|CS|TAMS 0x00000007ee700000, 0x00000007ee700000| Complete 
| 232|0x00000007ee800000, 0x00000007ee900000, 0x00000007ee900000|100%| E|CS|TAMS 0x00000007ee800000, 0x00000007ee800000| Complete 
| 233|0x00000007ee900000, 0x00000007eea00000, 0x00000007eea00000|100%| E|CS|TAMS 0x00000007ee900000, 0x00000007ee900000| Complete 
| 234|0x00000007eea00000, 0x00000007eeb00000, 0x00000007eeb00000|100%| E|CS|TAMS 0x00000007eea00000, 0x00000007eea00000| Complete 
| 235|0x00000007eeb00000, 0x00000007eec00000, 0x00000007eec00000|100%| E|CS|TAMS 0x00000007eeb00000, 0x00000007eeb00000| Complete 
| 236|0x00000007eec00000, 0x00000007eed00000, 0x00000007eed00000|100%| E|CS|TAMS 0x00000007eec00000, 0x00000007eec00000| Complete 
| 237|0x00000007eed00000, 0x00000007eee00000, 0x00000007eee00000|100%| E|CS|TAMS 0x00000007eed00000, 0x00000007eed00000| Complete 
| 238|0x00000007eee00000, 0x00000007eef00000, 0x00000007eef00000|100%| E|CS|TAMS 0x00000007eee00000, 0x00000007eee00000| Complete 
| 239|0x00000007eef00000, 0x00000007ef000000, 0x00000007ef000000|100%| E|CS|TAMS 0x00000007eef00000, 0x00000007eef00000| Complete 
| 240|0x00000007ef000000, 0x00000007ef100000, 0x00000007ef100000|100%| E|CS|TAMS 0x00000007ef000000, 0x00000007ef000000| Complete 
| 241|0x00000007ef100000, 0x00000007ef200000, 0x00000007ef200000|100%| E|CS|TAMS 0x00000007ef100000, 0x00000007ef100000| Complete 
| 242|0x00000007ef200000, 0x00000007ef300000, 0x00000007ef300000|100%| E|CS|TAMS 0x00000007ef200000, 0x00000007ef200000| Complete 
| 243|0x00000007ef300000, 0x00000007ef400000, 0x00000007ef400000|100%| E|CS|TAMS 0x00000007ef300000, 0x00000007ef300000| Complete 
| 244|0x00000007ef400000, 0x00000007ef500000, 0x00000007ef500000|100%| E|CS|TAMS 0x00000007ef400000, 0x00000007ef400000| Complete 
| 245|0x00000007ef500000, 0x00000007ef600000, 0x00000007ef600000|100%| E|CS|TAMS 0x00000007ef500000, 0x00000007ef500000| Complete 
| 246|0x00000007ef600000, 0x00000007ef700000, 0x00000007ef700000|100%| E|CS|TAMS 0x00000007ef600000, 0x00000007ef600000| Complete 
| 247|0x00000007ef700000, 0x00000007ef800000, 0x00000007ef800000|100%| E|CS|TAMS 0x00000007ef700000, 0x00000007ef700000| Complete 
| 248|0x00000007ef800000, 0x00000007ef900000, 0x00000007ef900000|100%| E|CS|TAMS 0x00000007ef800000, 0x00000007ef800000| Complete 
| 249|0x00000007ef900000, 0x00000007efa00000, 0x00000007efa00000|100%| E|CS|TAMS 0x00000007ef900000, 0x00000007ef900000| Complete 
| 250|0x00000007efa00000, 0x00000007efb00000, 0x00000007efb00000|100%| E|CS|TAMS 0x00000007efa00000, 0x00000007efa00000| Complete 
| 251|0x00000007efb00000, 0x00000007efc00000, 0x00000007efc00000|100%| E|CS|TAMS 0x00000007efb00000, 0x00000007efb00000| Complete 
| 252|0x00000007efc00000, 0x00000007efd00000, 0x00000007efd00000|100%| E|CS|TAMS 0x00000007efc00000, 0x00000007efc00000| Complete 
| 253|0x00000007efd00000, 0x00000007efe00000, 0x00000007efe00000|100%| E|CS|TAMS 0x00000007efd00000, 0x00000007efd00000| Complete 
| 254|0x00000007efe00000, 0x00000007eff00000, 0x00000007eff00000|100%| E|CS|TAMS 0x00000007efe00000, 0x00000007efe00000| Complete 
| 255|0x00000007eff00000, 0x00000007f0000000, 0x00000007f0000000|100%| E|CS|TAMS 0x00000007eff00000, 0x00000007eff00000| Complete 

Card table byte_map: [0x0000000102db2000,0x0000000102eb2000] _byte_map_base: 0x00000000feeb2000

Marking Bits (Prev, Next): (CMBitMap*) 0x00007fdd74027618, (CMBitMap*) 0x00007fdd74027650
 Prev Bits: [0x000000010a125000, 0x000000010a925000)
 Next Bits: [0x000000011db4b000, 0x000000011e34b000)

Polling page: 0x0000000102a13000

Metaspace:

Usage:
  Non-class:     17.89 MB capacity,    17.49 MB ( 98%) used,   343.62 KB (  2%) free+waste,    66.12 KB ( <1%) overhead. 
      Class:      2.83 MB capacity,     2.58 MB ( 91%) used,   224.84 KB (  8%) free+waste,    32.38 KB (  1%) overhead. 
       Both:     20.72 MB capacity,    20.07 MB ( 97%) used,   568.46 KB (  3%) free+waste,    98.50 KB ( <1%) overhead. 

Virtual space:
  Non-class space:       18.00 MB reserved,      17.92 MB (>99%) committed 
      Class space:        1.00 GB reserved,       2.88 MB ( <1%) committed 
             Both:        1.02 GB reserved,      20.80 MB (  2%) committed 

Chunk freelists:
   Non-Class:  1.00 KB
       Class:  13.00 KB
        Both:  14.00 KB

MaxMetaspaceSize: unlimited
CompressedClassSpaceSize: 1.00 GB

CodeHeap 'non-profiled nmethods': size=120032Kb used=624Kb max_used=624Kb free=119407Kb
 bounds [0x0000000116613000, 0x0000000116883000, 0x000000011db4b000]
CodeHeap 'profiled nmethods': size=120028Kb used=3915Kb max_used=3915Kb free=116112Kb
 bounds [0x000000010f0dc000, 0x000000010f4bc000, 0x0000000116613000]
CodeHeap 'non-nmethods': size=5700Kb used=1158Kb max_used=1191Kb free=4541Kb
 bounds [0x000000010eb4b000, 0x000000010edbb000, 0x000000010f0dc000]
 total_blobs=2339 nmethods=1934 adapters=325
 compilation: enabled
              stopped_count=0, restarted_count=0
 full_count=0

Compilation events (20 events):
Event: 1.054 Thread 0x00007fdd7880a800 1936       3       net.bytebuddy.implementation.bytecode.member.FieldAccess$AccessDispatcher::<init> (15 bytes)
Event: 1.054 Thread 0x00007fdd7880a800 nmethod 1936 0x000000010f4a9210 code [0x000000010f4a93c0, 0x000000010f4a95d0]
Event: 1.054 Thread 0x00007fdd7880a800 1937       3       net.bytebuddy.implementation.bytecode.member.FieldAccess$AccessDispatcher$AbstractFieldInstruction::<init> (6 bytes)
Event: 1.054 Thread 0x00007fdd7880a800 nmethod 1937 0x000000010f4a9690 code [0x000000010f4a9840, 0x000000010f4a9a50]
Event: 1.055 Thread 0x00007fdd7880a800 1934       3       net.bytebuddy.description.method.MethodDescription$Latent::getExceptionTypes (9 bytes)
Event: 1.055 Thread 0x00007fdd7880a800 nmethod 1934 0x000000010f4a9b90 code [0x000000010f4a9dc0, 0x000000010f4aa740]
Event: 1.055 Thread 0x00007fdd7880a800 1933       3       java.util.Collections$SingletonSet::iterator (8 bytes)
Event: 1.055 Thread 0x00007fdd7880a800 nmethod 1933 0x000000010f4aab10 code [0x000000010f4aace0, 0x000000010f4aafd0]
Event: 1.055 Thread 0x00007fdd7880a800 1939       3       net.bytebuddy.implementation.bytecode.member.MethodInvocation::invoke (54 bytes)
Event: 1.055 Thread 0x00007fdd7880a800 nmethod 1939 0x000000010f4ab110 code [0x000000010f4ab360, 0x000000010f4abb00]
Event: 1.055 Thread 0x00007fdd7880a800 1940       3       net.bytebuddy.implementation.bytecode.ByteCodeAppender$Size::<init> (15 bytes)
Event: 1.056 Thread 0x00007fdd7880a800 nmethod 1940 0x000000010f4abd10 code [0x000000010f4abec0, 0x000000010f4ac010]
Event: 1.058 Thread 0x00007fdd7880a800 1941       3       net.bytebuddy.implementation.bytecode.assign.reference.ReferenceTypeAwareAssigner::assign (79 bytes)
Event: 1.058 Thread 0x00007fdd7880a800 nmethod 1941 0x000000010f4ac110 code [0x000000010f4ac360, 0x000000010f4acc40]
Event: 1.058 Thread 0x00007fdd7880a800 1943       3       net.bytebuddy.jar.asm.MethodWriter::visitFieldInsn (258 bytes)
Event: 1.059 Thread 0x00007fdd7880a800 nmethod 1943 0x000000010f4ace90 code [0x000000010f4ad120, 0x000000010f4add80]
Event: 1.059 Thread 0x00007fdd7880a800 1942       3       net.bytebuddy.description.type.TypeList$Generic$OfMethodExceptionTypes::size (9 bytes)
Event: 1.059 Thread 0x00007fdd7880a800 nmethod 1942 0x000000010f4ae290 code [0x000000010f4ae460, 0x000000010f4ae7a0]
Event: 1.059 Thread 0x00007fdd7880a800 1944       3       net.bytebuddy.jar.asm.SymbolTable::addConstantFieldref (10 bytes)
Event: 1.059 Thread 0x00007fdd7880a800 nmethod 1944 0x000000010f4ae910 code [0x000000010f4aeac0, 0x000000010f4aec20]

GC Heap History (2 events):
Event: 0.612 GC heap before
{Heap before GC invocations=0 (full 0):
 garbage-first heap   total 262144K, used 24576K [0x00000007e0000000, 0x0000000800000000)
  region size 1024K, 24 young (24576K), 0 survivors (0K)
 Metaspace       used 13951K, capacity 14216K, committed 14464K, reserved 1062912K
  class space    used 1514K, capacity 1627K, committed 1664K, reserved 1048576K
}
Event: 0.616 GC heap after
{Heap after GC invocations=1 (full 0):
 garbage-first heap   total 262144K, used 5859K [0x00000007e0000000, 0x0000000800000000)
  region size 1024K, 3 young (3072K), 3 survivors (3072K)
 Metaspace       used 13951K, capacity 14216K, committed 14464K, reserved 1062912K
  class space    used 1514K, capacity 1627K, committed 1664K, reserved 1048576K
}

Deoptimization events (20 events):
Event: 1.001 Thread 0x00007fdd7380e800 Uncommon trap: trap_request=0xffffffc6 fr.pc=0x0000000116683f44 relative=0x0000000000000464
Event: 1.001 Thread 0x00007fdd7380e800 Uncommon trap: reason=bimorphic_or_optimized_type_check action=maybe_recompile pc=0x0000000116683f44 method=java.util.HashMap.getNode(ILjava/lang/Object;)Ljava/util/HashMap$Node; @ 126 c2
Event: 1.001 Thread 0x00007fdd7380e800 DEOPT PACKING pc=0x0000000116683f44 sp=0x0000700006281b40
Event: 1.001 Thread 0x00007fdd7380e800 DEOPT UNPACKING pc=0x000000010eb826a5 sp=0x0000700006281af8 mode 2
Event: 1.008 Thread 0x00007fdd7380e800 Uncommon trap: trap_request=0xffffffc6 fr.pc=0x0000000116683f44 relative=0x0000000000000464
Event: 1.008 Thread 0x00007fdd7380e800 Uncommon trap: reason=bimorphic_or_optimized_type_check action=maybe_recompile pc=0x0000000116683f44 method=java.util.HashMap.getNode(ILjava/lang/Object;)Ljava/util/HashMap$Node; @ 126 c2
Event: 1.008 Thread 0x00007fdd7380e800 DEOPT PACKING pc=0x0000000116683f44 sp=0x0000700006281b40
Event: 1.008 Thread 0x00007fdd7380e800 DEOPT UNPACKING pc=0x000000010eb826a5 sp=0x0000700006281af8 mode 2
Event: 1.011 Thread 0x00007fdd7380e800 Uncommon trap: trap_request=0xffffffc6 fr.pc=0x0000000116683f44 relative=0x0000000000000464
Event: 1.011 Thread 0x00007fdd7380e800 Uncommon trap: reason=bimorphic_or_optimized_type_check action=maybe_recompile pc=0x0000000116683f44 method=java.util.HashMap.getNode(ILjava/lang/Object;)Ljava/util/HashMap$Node; @ 126 c2
Event: 1.011 Thread 0x00007fdd7380e800 DEOPT PACKING pc=0x0000000116683f44 sp=0x0000700006281b40
Event: 1.011 Thread 0x00007fdd7380e800 DEOPT UNPACKING pc=0x000000010eb826a5 sp=0x0000700006281af8 mode 2
Event: 1.040 Thread 0x00007fdd7380e800 Uncommon trap: trap_request=0xffffff4d fr.pc=0x00000001166a286c relative=0x000000000000022c
Event: 1.040 Thread 0x00007fdd7380e800 Uncommon trap: reason=unstable_if action=reinterpret pc=0x00000001166a286c method=java.lang.reflect.AccessibleObject.verifyAccess(Ljava/lang/Class;Ljava/lang/Class;Ljava/lang/Class;I)Z @ 14 c2
Event: 1.040 Thread 0x00007fdd7380e800 DEOPT PACKING pc=0x00000001166a286c sp=0x00007000062822f0
Event: 1.040 Thread 0x00007fdd7380e800 DEOPT UNPACKING pc=0x000000010eb826a5 sp=0x0000700006282250 mode 2
Event: 1.049 Thread 0x00007fdd7380e800 Uncommon trap: trap_request=0xffffffc6 fr.pc=0x00000001166adc60 relative=0x0000000000000480
Event: 1.049 Thread 0x00007fdd7380e800 Uncommon trap: reason=bimorphic_or_optimized_type_check action=maybe_recompile pc=0x00000001166adc60 method=net.bytebuddy.description.type.TypeList$Generic$Explicit.get(I)Lnet/bytebuddy/description/type/TypeDescription$Generic; @ 5 c2
Event: 1.049 Thread 0x00007fdd7380e800 DEOPT PACKING pc=0x00000001166adc60 sp=0x0000700006282200
Event: 1.049 Thread 0x00007fdd7380e800 DEOPT UNPACKING pc=0x000000010eb826a5 sp=0x0000700006282180 mode 2

Classes redefined (0 events):
No events

Internal exceptions (20 events):
Event: 0.602 Thread 0x00007fdd7380e800 Exception <a 'java/lang/NoSuchMethodError'{0x00000007ee866030}: 'java.lang.Object java.lang.invoke.DirectMethodHandle$Holder.invokeSpecialIFC(java.lang.Object, java.lang.Object, java.lang.Object, java.lang.Object)'> (0x00000007ee866030) thrown at [src/hotspot/share/interpreter/linkResolver.cpp, line 773]
Event: 0.604 Thread 0x00007fdd7380e800 Exception <a 'java/lang/NoSuchMethodError'{0x00000007ee882a90}: 'java.lang.Object java.lang.invoke.DirectMethodHandle$Holder.invokeInterface(java.lang.Object, java.lang.Object, java.lang.Object)'> (0x00000007ee882a90) thrown at [src/hotspot/share/interpreter/linkResolver.cpp, line 773]
Event: 0.618 Thread 0x00007fdd7380e800 Exception <a 'java/lang/NoSuchMethodError'{0x00000007eff27260}: 'java.lang.Object java.lang.invoke.Invokers$Holder.linkToTargetMethod(java.lang.Object, java.lang.Object, java.lang.Object, java.lang.Object, java.lang.Object, java.lang.Object)'> (0x00000007eff27260) thrown at [src/hotspot/share/interpreter/linkResolver.cpp, line 773]
Event: 0.622 Thread 0x00007fdd7380e800 Exception <a 'java/lang/IncompatibleClassChangeError'{0x00000007eff6c520}: Found class java.lang.Object, but interface was expected> (0x00000007eff6c520) thrown at [src/hotspot/share/interpreter/linkResolver.cpp, line 839]
Event: 0.625 Thread 0x00007fdd7380e800 Exception <a 'java/lang/IncompatibleClassChangeError'{0x00000007eff997d0}: Found class java.lang.Object, but interface was expected> (0x00000007eff997d0) thrown at [src/hotspot/share/interpreter/linkResolver.cpp, line 839]
Event: 0.632 Thread 0x00007fdd7380e800 Exception <a 'java/lang/NoSuchMethodError'{0x00000007efe0cb48}: 'void java.lang.invoke.DirectMethodHandle$Holder.invokeSpecial(java.lang.Object, java.lang.Object, java.lang.Object, java.lang.Object, java.lang.Object)'> (0x00000007efe0cb48) thrown at [src/hotspot/share/interpreter/linkResolver.cpp, line 773]
Event: 0.641 Thread 0x00007fdd7380e800 Exception <a 'java/lang/NoSuchMethodError'{0x00000007efeb8508}: 'void java.lang.invoke.DirectMethodHandle$Holder.invokeInterface(java.lang.Object, java.lang.Object, java.lang.Object, java.lang.Object)'> (0x00000007efeb8508) thrown at [src/hotspot/share/interpreter/linkResolver.cpp, line 773]
Event: 0.641 Thread 0x00007fdd7380e800 Exception <a 'java/lang/IncompatibleClassChangeError'{0x00000007efebb570}: Found class java.lang.Object, but interface was expected> (0x00000007efebb570) thrown at [src/hotspot/share/interpreter/linkResolver.cpp, line 839]
Event: 0.642 Thread 0x00007fdd7380e800 Exception <a 'java/lang/NoSuchMethodError'{0x00000007efedaf78}: 'void java.lang.invoke.DirectMethodHandle$Holder.invokeStatic(java.lang.Object, java.lang.Object, java.lang.Object, java.lang.Object)'> (0x00000007efedaf78) thrown at [src/hotspot/share/interpreter/linkResolver.cpp, line 773]
Event: 0.649 Thread 0x00007fdd7380e800 Exception <a 'java/lang/NoSuchMethodError'{0x00000007efd66550}: 'int java.lang.invoke.DirectMethodHandle$Holder.invokeStatic(java.lang.Object, java.lang.Object, java.lang.Object, java.lang.Object, java.lang.Object)'> (0x00000007efd66550) thrown at [src/hotspot/share/interpreter/linkResolver.cpp, line 773]
Event: 0.654 Thread 0x00007fdd7380e800 Exception <a 'java/lang/NoSuchMethodError'{0x00000007efdb6e50}: 'void java.lang.invoke.DirectMethodHandle$Holder.invokeStaticInit(java.lang.Object)'> (0x00000007efdb6e50) thrown at [src/hotspot/share/interpreter/linkResolver.cpp, line 773]
Event: 0.657 Thread 0x00007fdd7380e800 Exception <a 'java/lang/NoSuchMethodError'{0x00000007efdee578}: 'void java.lang.invoke.DirectMethodHandle$Holder.invokeSpecial(java.lang.Object, java.lang.Object)'> (0x00000007efdee578) thrown at [src/hotspot/share/interpreter/linkResolver.cpp, line 773]
Event: 0.667 Thread 0x00007fdd7380e800 Exception <a 'java/lang/NoSuchMethodError'{0x00000007efcbcfb8}: 'int java.lang.invoke.DirectMethodHandle$Holder.invokeStaticInit(java.lang.Object, java.lang.Object)'> (0x00000007efcbcfb8) thrown at [src/hotspot/share/interpreter/linkResolver.cpp, line 773]
Event: 0.682 Thread 0x00007fdd7380e800 Exception <a 'java/lang/NoSuchMethodError'{0x00000007efbc7f98}: 'java.lang.Object java.lang.invoke.DirectMethodHandle$Holder.invokeVirtual(java.lang.Object, java.lang.Object, java.lang.Object)'> (0x00000007efbc7f98) thrown at [src/hotspot/share/interpreter/linkResolver.cpp, line 773]
Event: 0.686 Thread 0x00007fdd7380e800 Exception <a 'java/lang/NoSuchMethodError'{0x00000007efa10918}: 'void java.lang.invoke.DirectMethodHandle$Holder.invokeStatic(java.lang.Object, java.lang.Object, java.lang.Object, java.lang.Object, java.lang.Object)'> (0x00000007efa10918) thrown at [src/hotspot/share/interpreter/linkResolver.cpp, line 773]
Event: 0.687 Thread 0x00007fdd7380e800 Exception <a 'java/lang/NoSuchMethodError'{0x00000007efa1f008}: 'java.lang.Object java.lang.invoke.Invokers$Holder.linkToTargetMethod(java.lang.Object, java.lang.Object, java.lang.Object, java.lang.Object, java.lang.Object, java.lang.Object, java.lang.Object)'> (0x00000007efa1f008) thrown at [src/hotspot/share/interpreter/linkResolver.cpp, line 773]
Event: 0.687 Thread 0x00007fdd7380e800 Exception <a 'java/lang/NoSuchMethodError'{0x00000007efa24fc0}: 'java.lang.Object java.lang.invoke.DirectMethodHandle$Holder.invokeInterface(java.lang.Object, java.lang.Object, java.lang.Object, java.lang.Object, java.lang.Object)'> (0x00000007efa24fc0) thrown at [src/hotspot/share/interpreter/linkResolver.cpp, line 773]
Event: 0.687 Thread 0x00007fdd7380e800 Exception <a 'java/lang/IncompatibleClassChangeError'{0x00000007efa28718}: Found class java.lang.Object, but interface was expected> (0x00000007efa28718) thrown at [src/hotspot/share/interpreter/linkResolver.cpp, line 839]
Event: 0.691 Thread 0x00007fdd7380e800 Exception <a 'java/lang/NoSuchMethodError'{0x00000007efa648c0}: 'int java.lang.invoke.DirectMethodHandle$Holder.invokeInterface(java.lang.Object, java.lang.Object)'> (0x00000007efa648c0) thrown at [src/hotspot/share/interpreter/linkResolver.cpp, line 773]
Event: 0.694 Thread 0x00007fdd7380e800 Exception <a 'java/lang/IncompatibleClassChangeError'{0x00000007efaacec8}: Found class java.lang.Object, but interface was expected> (0x00000007efaacec8) thrown at [src/hotspot/share/interpreter/linkResolver.cpp, line 839]

Events (20 events):
Event: 1.052 loading class java/lang/reflect/AnnotatedParameterizedType done
Event: 1.052 loading class net/bytebuddy/description/type/TypeDescription$Generic$OfParameterizedType$Latent
Event: 1.052 loading class net/bytebuddy/description/type/TypeDescription$Generic$OfParameterizedType$Latent done
Event: 1.055 loading class net/bytebuddy/description/type/TypeDescription$Generic$Visitor$ForSignatureVisitor$OfTypeArgument
Event: 1.055 loading class net/bytebuddy/description/type/TypeDescription$Generic$Visitor$ForSignatureVisitor$OfTypeArgument done
Event: 1.056 Executing VM operation: Deoptimize
Event: 1.056 Executing VM operation: Deoptimize done
Event: 1.056 loading class sun/reflect/annotation/AnnotatedTypeFactory$AnnotatedParameterizedTypeImpl
Event: 1.056 loading class sun/reflect/annotation/AnnotatedTypeFactory$AnnotatedParameterizedTypeImpl done
Event: 1.057 loading class net/bytebuddy/dynamic/scaffold/MethodGraph$Node$Unresolved
Event: 1.057 loading class net/bytebuddy/dynamic/scaffold/MethodGraph$Node$Unresolved done
Event: 1.057 loading class net/bytebuddy/implementation/Implementation$SpecialMethodInvocation$Illegal
Event: 1.057 loading class net/bytebuddy/implementation/Implementation$SpecialMethodInvocation$Illegal done
Event: 1.057 loading class net/bytebuddy/implementation/bind/MethodDelegationBinder$ParameterBinding$Illegal
Event: 1.057 loading class net/bytebuddy/implementation/bind/MethodDelegationBinder$ParameterBinding$Illegal done
Event: 1.058 loading class net/bytebuddy/implementation/bind/MethodDelegationBinder$MethodBinding$Illegal
Event: 1.058 loading class net/bytebuddy/implementation/bind/MethodDelegationBinder$MethodBinding$Illegal done
Event: 1.059 loading class com/example/geocomply/repository/ProcessUserCommentImpl
Event: 1.059 loading class com/example/geocomply/repository/ProcessUserCommentImpl done
Event: 1.061 Executing VM operation: ChangeBreakpoints


Dynamic libraries:
0x00007fff35113000 	/System/Library/Frameworks/Cocoa.framework/Versions/A/Cocoa
0x00007fff22488000 	/System/Library/Frameworks/Security.framework/Versions/A/Security
0x00007fff33320000 	/System/Library/Frameworks/ApplicationServices.framework/Versions/A/ApplicationServices
0x0000000102977000 	/Applications/Android Studio.app/Contents/jre/Contents/Home/lib/jli/libjli.dylib
0x00007fff2a7cd000 	/usr/lib/libSystem.B.dylib
0x00007fff22eb6000 	/System/Library/Frameworks/AppKit.framework/Versions/C/AppKit
0x00007fff25d75000 	/System/Library/Frameworks/CoreData.framework/Versions/A/CoreData
0x00007fff21421000 	/System/Library/Frameworks/Foundation.framework/Versions/C/Foundation
0x00007fff23bff000 	/System/Library/PrivateFrameworks/UIFoundation.framework/Versions/A/UIFoundation
0x00007fff2fdf6000 	/System/Library/PrivateFrameworks/RemoteViewServices.framework/Versions/A/RemoteViewServices
0x00007fff28c11000 	/System/Library/PrivateFrameworks/XCTTargetBootstrap.framework/Versions/A/XCTTargetBootstrap
0x00007fff2b8f6000 	/usr/lib/libspindump.dylib
0x00007fff23e4e000 	/System/Library/Frameworks/UniformTypeIdentifiers.framework/Versions/A/UniformTypeIdentifiers
0x00007fff27411000 	/usr/lib/libapp_launch_measurement.dylib
0x00007fff27414000 	/System/Library/PrivateFrameworks/CoreAutoLayout.framework/Versions/A/CoreAutoLayout
0x00007fff28574000 	/System/Library/Frameworks/Metal.framework/Versions/A/Metal
0x00007fff2926e000 	/usr/lib/liblangid.dylib
0x00007fff28c15000 	/System/Library/PrivateFrameworks/CoreSVG.framework/Versions/A/CoreSVG
0x00007fff24e8d000 	/System/Library/PrivateFrameworks/SkyLight.framework/Versions/A/SkyLight
0x00007fff251f2000 	/System/Library/Frameworks/CoreGraphics.framework/Versions/A/CoreGraphics
0x00007fff3031d000 	/System/Library/Frameworks/Accelerate.framework/Versions/A/Accelerate
0x00007fff2b334000 	/System/Library/PrivateFrameworks/IconServices.framework/Versions/A/IconServices
0x00007fff28558000 	/System/Library/Frameworks/IOSurface.framework/Versions/A/IOSurface
0x00007fff266fd000 	/usr/lib/libDiagnosticMessagesClient.dylib
0x00007fff2a705000 	/usr/lib/libz.1.dylib
0x00007fff28bfd000 	/System/Library/PrivateFrameworks/DFRFoundation.framework/Versions/A/DFRFoundation
0x00007fff227dd000 	/usr/lib/libicucore.A.dylib
0x00007fff2ce3d000 	/System/Library/Frameworks/AudioToolbox.framework/Versions/A/AudioToolbox
0x00007fff2c0c7000 	/System/Library/PrivateFrameworks/DataDetectorsCore.framework/Versions/A/DataDetectorsCore
0x00007fff24e01000 	/usr/lib/libMobileGestalt.dylib
0x00007fff28901000 	/System/Library/Frameworks/Carbon.framework/Versions/A/Frameworks/HIToolbox.framework/Versions/A/HIToolbox
0x00007fff26e57000 	/System/Library/Frameworks/QuartzCore.framework/Versions/A/QuartzCore
0x00007fff2fe2e000 	/System/Library/Frameworks/Carbon.framework/Versions/A/Frameworks/SpeechRecognition.framework/Versions/A/SpeechRecognition
0x00007fff27176000 	/System/Library/PrivateFrameworks/CoreUI.framework/Versions/A/CoreUI
0x00007fff21df7000 	/System/Library/Frameworks/CoreAudio.framework/Versions/A/CoreAudio
0x00007fff267e8000 	/System/Library/Frameworks/DiskArbitration.framework/Versions/A/DiskArbitration
0x00007fff2bcc4000 	/System/Library/PrivateFrameworks/MultitouchSupport.framework/Versions/A/MultitouchSupport
0x00007fff2c0be000 	/System/Library/PrivateFrameworks/InternationalSupport.framework/Versions/A/InternationalSupport
0x00007fff24e00000 	/usr/lib/libenergytrace.dylib
0x00007fff22dad000 	/System/Library/Frameworks/IOKit.framework/Versions/A/IOKit
0x00007fff30161000 	/System/Library/Frameworks/CoreServices.framework/Versions/A/CoreServices
0x00007fff273a3000 	/System/Library/PrivateFrameworks/PerformanceAnalysis.framework/Versions/A/PerformanceAnalysis
0x00007fff6bc15000 	/System/Library/Frameworks/OpenGL.framework/Versions/A/OpenGL
0x00007fff2c142000 	/System/Library/PrivateFrameworks/UserActivity.framework/Versions/A/UserActivity
0x00007fff20494000 	/usr/lib/libobjc.A.dylib
0x00007fff2587c000 	/System/Library/Frameworks/ColorSync.framework/Versions/A/ColorSync
0x00007fff20674000 	/System/Library/Frameworks/CoreFoundation.framework/Versions/A/CoreFoundation
0x00007fff28e7c000 	/System/Library/Frameworks/CoreImage.framework/Versions/A/CoreImage
0x00007fff21c11000 	/System/Library/Frameworks/CoreText.framework/Versions/A/CoreText
0x00007fff28c3f000 	/System/Library/Frameworks/ImageIO.framework/Versions/A/ImageIO
0x00007fff2a7d3000 	/System/Library/PrivateFrameworks/SoftLinking.framework/Versions/A/SoftLinking
0x00007fff2745c000 	/usr/lib/libxml2.2.dylib
0x00007fff2055a000 	/usr/lib/libc++.1.dylib
0x00007fff2aa44000 	/usr/lib/libcompression.dylib
0x00007fff2bff0000 	/System/Library/PrivateFrameworks/TextureIO.framework/Versions/A/TextureIO
0x00007fff2b073000 	/usr/lib/libate.dylib
0x00007fff2a7c7000 	/usr/lib/system/libcache.dylib
0x00007fff2a783000 	/usr/lib/system/libcommonCrypto.dylib
0x00007fff2a7ad000 	/usr/lib/system/libcompiler_rt.dylib
0x00007fff2a7a2000 	/usr/lib/system/libcopyfile.dylib
0x00007fff20384000 	/usr/lib/system/libcorecrypto.dylib
0x00007fff2044f000 	/usr/lib/system/libdispatch.dylib
0x00007fff20602000 	/usr/lib/system/libdyld.dylib
0x00007fff2a7be000 	/usr/lib/system/libkeymgr.dylib
0x00007fff2dbd4000 	/usr/lib/system/liblaunch.dylib
0x00007fff2a761000 	/usr/lib/system/libmacho.dylib
0x00007fff29f59000 	/usr/lib/system/libquarantine.dylib
0x00007fff2a7bb000 	/usr/lib/system/libremovefile.dylib
0x00007fff24e5e000 	/usr/lib/system/libsystem_asl.dylib
0x00007fff20334000 	/usr/lib/system/libsystem_blocks.dylib
0x00007fff204d1000 	/usr/lib/system/libsystem_c.dylib
0x00007fff2a7b5000 	/usr/lib/system/libsystem_collections.dylib
0x00007fff2925f000 	/usr/lib/system/libsystem_configuration.dylib
0x00007fff28547000 	/usr/lib/system/libsystem_containermanager.dylib
0x00007fff2a504000 	/usr/lib/system/libsystem_coreservices.dylib
0x00007fff22a3d000 	/usr/lib/system/libsystem_darwin.dylib
0x00007fff2a7bf000 	/usr/lib/system/libsystem_dnssd.dylib
0x00007fff204ce000 	/usr/lib/system/libsystem_featureflags.dylib
0x00007fff20648000 	/usr/lib/system/libsystem_info.dylib
0x00007fff2a718000 	/usr/lib/system/libsystem_m.dylib
0x00007fff20422000 	/usr/lib/system/libsystem_malloc.dylib
0x00007fff24df1000 	/usr/lib/system/libsystem_networkextension.dylib
0x00007fff22e5c000 	/usr/lib/system/libsystem_notify.dylib
0x00007fff30063000 	/usr/lib/system/libsystem_product_info_filter.dylib
0x00007fff29263000 	/usr/lib/system/libsystem_sandbox.dylib
0x00007fff2a7b8000 	/usr/lib/system/libsystem_secinit.dylib
0x00007fff205c6000 	/usr/lib/system/libsystem_kernel.dylib
0x00007fff2063e000 	/usr/lib/system/libsystem_platform.dylib
0x00007fff205f6000 	/usr/lib/system/libsystem_pthread.dylib
0x00007fff26539000 	/usr/lib/system/libsystem_symptoms.dylib
0x00007fff2036c000 	/usr/lib/system/libsystem_trace.dylib
0x00007fff2a78f000 	/usr/lib/system/libunwind.dylib
0x00007fff20336000 	/usr/lib/system/libxpc.dylib
0x00007fff205b0000 	/usr/lib/libc++abi.dylib
0x00007fff2a79a000 	/usr/lib/liboah.dylib
0x00007fff2ae58000 	/usr/lib/liblzma.5.dylib
0x00007fff21135000 	/System/Library/Frameworks/SystemConfiguration.framework/Versions/A/SystemConfiguration
0x00007fff2a7cf000 	/usr/lib/libfakelink.dylib
0x00007fff24952000 	/System/Library/Frameworks/CFNetwork.framework/Versions/A/CFNetwork
0x00007fff2a90f000 	/usr/lib/libarchive.2.dylib
0x00007fff211b3000 	/usr/lib/libCRFSuite.dylib
0x00007fff29f80000 	/usr/lib/libbsm.0.dylib
0x00007fff242cb000 	/usr/lib/libnetwork.dylib
0x00007fff2a7d4000 	/usr/lib/libpcap.A.dylib
0x00007fff26532000 	/usr/lib/libdns_services.dylib
0x00007fff2ae71000 	/usr/lib/libcoretls_cfhelpers.dylib
0x00007fff2aa0e000 	/usr/lib/libapple_nghttp2.dylib
0x00007fff2a767000 	/usr/lib/system/libkxld.dylib
0x00007fff261ab000 	/usr/lib/libsqlite3.dylib
0x00007fff2a4e7000 	/System/Library/PrivateFrameworks/AppleFSCompression.framework/Versions/A/AppleFSCompression
0x00007fff29f68000 	/usr/lib/libcoretls.dylib
0x00007fff2aa3f000 	/usr/lib/libpam.2.dylib
0x00007fff2af6f000 	/usr/lib/libxar.1.dylib
0x00007fff2926a000 	/System/Library/PrivateFrameworks/AppleSystemInfo.framework/Versions/A/AppleSystemInfo
0x00007fff29baa000 	/System/Library/PrivateFrameworks/IOMobileFramebuffer.framework/Versions/A/IOMobileFramebuffer
0x00007fff2a4f7000 	/usr/lib/libbz2.1.0.dylib
0x00007fff2a80c000 	/usr/lib/libiconv.2.dylib
0x00007fff2a760000 	/usr/lib/libcharset.1.dylib
0x00007fff273df000 	/System/Library/Frameworks/CoreServices.framework/Versions/A/Frameworks/FSEvents.framework/Versions/A/FSEvents
0x00007fff22a47000 	/System/Library/Frameworks/CoreServices.framework/Versions/A/Frameworks/CarbonCore.framework/Versions/A/CarbonCore
0x00007fff2674d000 	/System/Library/Frameworks/CoreServices.framework/Versions/A/Frameworks/Metadata.framework/Versions/A/Metadata
0x00007fff2a509000 	/System/Library/Frameworks/CoreServices.framework/Versions/A/Frameworks/OSServices.framework/Versions/A/OSServices
0x00007fff2a981000 	/System/Library/Frameworks/CoreServices.framework/Versions/A/Frameworks/SearchKit.framework/Versions/A/SearchKit
0x00007fff264bd000 	/System/Library/Frameworks/CoreServices.framework/Versions/A/Frameworks/AE.framework/Versions/A/AE
0x00007fff20b12000 	/System/Library/Frameworks/CoreServices.framework/Versions/A/Frameworks/LaunchServices.framework/Versions/A/LaunchServices
0x00007fff2ae08000 	/System/Library/Frameworks/CoreServices.framework/Versions/A/Frameworks/DictionaryServices.framework/Versions/A/DictionaryServices
0x00007fff273ec000 	/System/Library/Frameworks/CoreServices.framework/Versions/A/Frameworks/SharedFileList.framework/Versions/A/SharedFileList
0x00007fff29f5c000 	/usr/lib/libCheckFix.dylib
0x00007fff24e75000 	/System/Library/PrivateFrameworks/TCC.framework/Versions/A/TCC
0x00007fff29270000 	/System/Library/PrivateFrameworks/CoreNLP.framework/Versions/A/CoreNLP
0x00007fff26700000 	/System/Library/PrivateFrameworks/MetadataUtilities.framework/Versions/A/MetadataUtilities
0x00007fff211e8000 	/usr/lib/libmecabra.dylib
0x00007fff2a266000 	/System/Library/Frameworks/MLCompute.framework/Versions/A/MLCompute
0x00007fff29f91000 	/usr/lib/libmecab.dylib
0x00007fff29fdb000 	/usr/lib/libgermantok.dylib
0x00007fff2a9e9000 	/usr/lib/libThaiTokenizer.dylib
0x00007fff2afaa000 	/usr/lib/libChineseTokenizer.dylib
0x00007fff2aa3d000 	/System/Library/Frameworks/MetalPerformanceShaders.framework/Versions/A/MetalPerformanceShaders
0x00007fff267ef000 	/System/Library/Frameworks/Accelerate.framework/Versions/A/Frameworks/vImage.framework/Versions/A/vImage
0x00007fff3013b000 	/System/Library/Frameworks/Accelerate.framework/Versions/A/Frameworks/vecLib.framework/Versions/A/vecLib
0x00007fff2afb5000 	/System/Library/Frameworks/Accelerate.framework/Versions/A/Frameworks/vecLib.framework/Versions/A/libvMisc.dylib
0x00007fff299c5000 	/System/Library/Frameworks/Accelerate.framework/Versions/A/Frameworks/vecLib.framework/Versions/A/libvDSP.dylib
0x00007fff20e1b000 	/System/Library/Frameworks/Accelerate.framework/Versions/A/Frameworks/vecLib.framework/Versions/A/libBLAS.dylib
0x00007fff2aa6a000 	/System/Library/Frameworks/Accelerate.framework/Versions/A/Frameworks/vecLib.framework/Versions/A/libLAPACK.dylib
0x00007fff29fe1000 	/System/Library/Frameworks/Accelerate.framework/Versions/A/Frameworks/vecLib.framework/Versions/A/libLinearAlgebra.dylib
0x00007fff2aa26000 	/System/Library/Frameworks/Accelerate.framework/Versions/A/Frameworks/vecLib.framework/Versions/A/libSparseBLAS.dylib
0x00007fff2aa64000 	/System/Library/Frameworks/Accelerate.framework/Versions/A/Frameworks/vecLib.framework/Versions/A/libQuadrature.dylib
0x00007fff2931c000 	/System/Library/Frameworks/Accelerate.framework/Versions/A/Frameworks/vecLib.framework/Versions/A/libBNNS.dylib
0x00007fff210c6000 	/System/Library/Frameworks/Accelerate.framework/Versions/A/Frameworks/vecLib.framework/Versions/A/libSparse.dylib
0x00007fff291f8000 	/System/Library/Frameworks/MetalPerformanceShaders.framework/Versions/A/Frameworks/MPSCore.framework/Versions/A/MPSCore
0x00007fff2a456000 	/System/Library/Frameworks/MetalPerformanceShaders.framework/Versions/A/Frameworks/MPSImage.framework/Versions/A/MPSImage
0x00007fff29ff7000 	/System/Library/Frameworks/MetalPerformanceShaders.framework/Versions/A/Frameworks/MPSNeuralNetwork.framework/Versions/A/MPSNeuralNetwork
0x00007fff2a3c8000 	/System/Library/Frameworks/MetalPerformanceShaders.framework/Versions/A/Frameworks/MPSMatrix.framework/Versions/A/MPSMatrix
0x00007fff2a216000 	/System/Library/Frameworks/MetalPerformanceShaders.framework/Versions/A/Frameworks/MPSRayIntersector.framework/Versions/A/MPSRayIntersector
0x00007fff2a3ff000 	/System/Library/Frameworks/MetalPerformanceShaders.framework/Versions/A/Frameworks/MPSNDArray.framework/Versions/A/MPSNDArray
0x00007fff20d47000 	/System/Library/PrivateFrameworks/MetalTools.framework/Versions/A/MetalTools
0x00007fff29268000 	/System/Library/PrivateFrameworks/AggregateDictionary.framework/Versions/A/AggregateDictionary
0x00007fff266cd000 	/System/Library/PrivateFrameworks/CoreAnalytics.framework/Versions/A/CoreAnalytics
0x00007fff2a9eb000 	/System/Library/PrivateFrameworks/AppleSauce.framework/Versions/A/AppleSauce
0x00007fff2856a000 	/System/Library/PrivateFrameworks/IOAccelerator.framework/Versions/A/IOAccelerator
0x00007fff6bc09000 	/System/Library/Frameworks/OpenGL.framework/Versions/A/Libraries/libCoreFSCache.dylib
0x00007fff21780000 	/System/Library/PrivateFrameworks/LanguageModeling.framework/Versions/A/LanguageModeling
0x00007fff29b98000 	/System/Library/PrivateFrameworks/CoreEmoji.framework/Versions/A/CoreEmoji
0x00007fff29315000 	/System/Library/PrivateFrameworks/LinguisticData.framework/Versions/A/LinguisticData
0x00007fff21078000 	/System/Library/PrivateFrameworks/Lexicon.framework/Versions/A/Lexicon
0x00007fff2a8fd000 	/usr/lib/libcmph.dylib
0x00007fff273bf000 	/System/Library/Frameworks/OpenDirectory.framework/Versions/A/Frameworks/CFOpenDirectory.framework/Versions/A/CFOpenDirectory
0x00007fff273af000 	/System/Library/Frameworks/OpenDirectory.framework/Versions/A/OpenDirectory
0x00007fff2ae73000 	/System/Library/PrivateFrameworks/APFS.framework/Versions/A/APFS
0x00007fff29ebe000 	/System/Library/Frameworks/SecurityFoundation.framework/Versions/A/SecurityFoundation
0x00007fff2af7d000 	/usr/lib/libutil.dylib
0x00007fff22d72000 	/System/Library/PrivateFrameworks/CoreServicesStore.framework/Versions/A/CoreServicesStore
0x00007fff29f54000 	/System/Library/Frameworks/ServiceManagement.framework/Versions/A/ServiceManagement
0x00007fff2af81000 	/usr/lib/libxslt.1.dylib
0x00007fff29f4a000 	/System/Library/PrivateFrameworks/BackgroundTaskManagement.framework/Versions/A/BackgroundTaskManagement
0x00007fff2bf3a000 	/System/Library/Frameworks/ImageIO.framework/Versions/A/Resources/libRadiance.dylib
0x00007fff2bf44000 	/System/Library/Frameworks/ImageIO.framework/Versions/A/Resources/libJPEG.dylib
0x00007fff2be8e000 	/System/Library/Frameworks/ImageIO.framework/Versions/A/Resources/libPng.dylib
0x00007fff2beb5000 	/System/Library/Frameworks/ImageIO.framework/Versions/A/Resources/libTIFF.dylib
0x00007fff2bf99000 	/System/Library/Frameworks/ImageIO.framework/Versions/A/Resources/libGIF.dylib
0x00007fff2bbe0000 	/System/Library/Frameworks/ImageIO.framework/Versions/A/Resources/libJP2.dylib
0x00007fff2b2fc000 	/usr/lib/libexpat.1.dylib
0x00007fff2bb96000 	/System/Library/PrivateFrameworks/AppleJPEG.framework/Versions/A/AppleJPEG
0x00007fff287a0000 	/System/Library/PrivateFrameworks/FontServices.framework/libFontParser.dylib
0x00007fff26474000 	/System/Library/PrivateFrameworks/RunningBoardServices.framework/Versions/A/RunningBoardServices
0x00007fff2bcc0000 	/System/Library/PrivateFrameworks/WatchdogClient.framework/Versions/A/WatchdogClient
0x00007fff21869000 	/System/Library/Frameworks/CoreDisplay.framework/Versions/A/CoreDisplay
0x00007fff286b5000 	/System/Library/Frameworks/CoreMedia.framework/Versions/A/CoreMedia
0x00007fff2753f000 	/System/Library/Frameworks/CoreVideo.framework/Versions/A/CoreVideo
0x00007fff2bcfb000 	/System/Library/Frameworks/VideoToolbox.framework/Versions/A/VideoToolbox
0x00007fff263f4000 	/System/Library/PrivateFrameworks/BaseBoard.framework/Versions/A/BaseBoard
0x00007fff2b440000 	/System/Library/PrivateFrameworks/PersistentConnection.framework/Versions/A/PersistentConnection
0x00007fff26195000 	/System/Library/PrivateFrameworks/ProtocolBuffer.framework/Versions/A/ProtocolBuffer
0x00007fff263dc000 	/System/Library/PrivateFrameworks/CommonUtilities.framework/Versions/A/CommonUtilities
0x00007fff2bb59000 	/System/Library/PrivateFrameworks/Bom.framework/Versions/A/Bom
0x00007fff2bf32000 	/System/Library/PrivateFrameworks/GPUWrangler.framework/Versions/A/GPUWrangler
0x00007fff2bf15000 	/System/Library/PrivateFrameworks/IOPresentment.framework/Versions/A/IOPresentment
0x00007fff2bf3e000 	/System/Library/PrivateFrameworks/DSExternalDisplay.framework/Versions/A/DSExternalDisplay
0x00007fff2bf9e000 	/System/Library/PrivateFrameworks/CMCaptureCore.framework/Versions/A/CMCaptureCore
0x00007fff2b8dc000 	/System/Library/PrivateFrameworks/AppServerSupport.framework/Versions/A/AppServerSupport
0x00007fff2d977000 	/System/Library/PrivateFrameworks/perfdata.framework/Versions/A/perfdata
0x00007fff29ead000 	/System/Library/PrivateFrameworks/AssertionServices.framework/Versions/A/AssertionServices
0x00007fff219a0000 	/System/Library/PrivateFrameworks/AudioToolboxCore.framework/Versions/A/AudioToolboxCore
0x00007fff28698000 	/System/Library/PrivateFrameworks/caulk.framework/Versions/A/caulk
0x00007fff3cdaf000 	/System/Library/PrivateFrameworks/SystemPolicy.framework/Versions/A/SystemPolicy
0x00007fff2b10b000 	/usr/lib/libIOReport.dylib
0x00007fff2d1b3000 	/usr/lib/libSMC.dylib
0x00007fff2be5a000 	/usr/lib/libAudioToolboxUtility.dylib
0x00007fff3d709000 	/usr/lib/libmis.dylib
0x00007fff6bc65000 	/System/Library/Frameworks/OpenGL.framework/Versions/A/Libraries/libGLU.dylib
0x00007fff6bc28000 	/System/Library/Frameworks/OpenGL.framework/Versions/A/Libraries/libGFXShared.dylib
0x00007fff6be36000 	/System/Library/Frameworks/OpenGL.framework/Versions/A/Libraries/libGL.dylib
0x00007fff6bc31000 	/System/Library/Frameworks/OpenGL.framework/Versions/A/Libraries/libGLImage.dylib
0x00007fff6bc25000 	/System/Library/Frameworks/OpenGL.framework/Versions/A/Libraries/libCVMSPluginSupport.dylib
0x00007fff6bc10000 	/System/Library/Frameworks/OpenGL.framework/Versions/A/Libraries/libCoreVMClient.dylib
0x00007fff6d280000 	/System/Library/Frameworks/OpenCL.framework/Versions/A/OpenCL
0x00007fff2b469000 	/System/Library/PrivateFrameworks/GraphVisualizer.framework/Versions/A/GraphVisualizer
0x00007fff2b478000 	/System/Library/PrivateFrameworks/FaceCore.framework/Versions/A/FaceCore
0x00007fff2b894000 	/System/Library/PrivateFrameworks/OTSVG.framework/Versions/A/OTSVG
0x00007fff27134000 	/System/Library/Frameworks/ApplicationServices.framework/Versions/A/Frameworks/ATS.framework/Versions/A/Resources/libFontRegistry.dylib
0x00007fff2b8e3000 	/System/Library/PrivateFrameworks/FontServices.framework/libhvf.dylib
0x00007fff2b2a8000 	/System/Library/PrivateFrameworks/AppleVA.framework/Versions/A/AppleVA
0x00007fff2cffb000 	/System/Library/Frameworks/ApplicationServices.framework/Versions/A/Frameworks/ATS.framework/Versions/A/ATS
0x00007fff2d30e000 	/System/Library/Frameworks/ApplicationServices.framework/Versions/A/Frameworks/ColorSyncLegacy.framework/Versions/A/ColorSyncLegacy
0x00007fff25973000 	/System/Library/Frameworks/ApplicationServices.framework/Versions/A/Frameworks/HIServices.framework/Versions/A/HIServices
0x00007fff2d2f3000 	/System/Library/Frameworks/ApplicationServices.framework/Versions/A/Frameworks/LangAnalysis.framework/Versions/A/LangAnalysis
0x00007fff2bfa8000 	/System/Library/Frameworks/ApplicationServices.framework/Versions/A/Frameworks/PrintCore.framework/Versions/A/PrintCore
0x00007fff2d316000 	/System/Library/Frameworks/ApplicationServices.framework/Versions/A/Frameworks/QD.framework/Versions/A/QD
0x00007fff2cfeb000 	/System/Library/Frameworks/ApplicationServices.framework/Versions/A/Frameworks/SpeechSynthesis.framework/Versions/A/SpeechSynthesis
0x00007fff2bf69000 	/System/Library/Frameworks/ApplicationServices.framework/Versions/A/Frameworks/ATSUI.framework/Versions/A/ATSUI
0x00007fff2d293000 	/usr/lib/libcups.2.dylib
0x00007fff2d303000 	/System/Library/PrivateFrameworks/NetAuth.framework/Versions/A/NetAuth
0x00007fff2d992000 	/System/Library/Frameworks/Kerberos.framework/Versions/A/Kerberos
0x00007fff2d9a2000 	/System/Library/Frameworks/GSS.framework/Versions/A/GSS
0x00007fff2d068000 	/usr/lib/libresolv.9.dylib
0x00007fff2b8f9000 	/System/Library/PrivateFrameworks/Heimdal.framework/Versions/A/Heimdal
0x00007fff33635000 	/System/Library/Frameworks/Kerberos.framework/Versions/A/Libraries/libHeimdalProxy.dylib
0x00007fff26541000 	/System/Library/Frameworks/Network.framework/Versions/A/Network
0x00007fff2b315000 	/usr/lib/libheimdal-asn1.dylib
0x00007fff2d9f3000 	/System/Library/PrivateFrameworks/CommonAuth.framework/Versions/A/CommonAuth
0x00007fff2758d000 	/System/Library/PrivateFrameworks/login.framework/Versions/A/Frameworks/loginsupport.framework/Versions/A/loginsupport
0x00007fff2cf72000 	/System/Library/PrivateFrameworks/AudioSession.framework/Versions/A/AudioSession
0x00007fff2cfd8000 	/usr/lib/libAudioStatistics.dylib
0x00007fff2b3a1000 	/System/Library/PrivateFrameworks/MediaExperience.framework/Versions/A/MediaExperience
0x00007fff2ce0b000 	/System/Library/PrivateFrameworks/AudioSession.framework/libSessionUtility.dylib
0x00007fff2d983000 	/usr/lib/libperfcheck.dylib
0x00007fff2d322000 	/System/Library/PrivateFrameworks/AudioResourceArbitration.framework/Versions/A/AudioResourceArbitration
0x00007fff2b31f000 	/System/Library/PrivateFrameworks/IconFoundation.framework/Versions/A/IconFoundation
0x00007fff2fe1e000 	/System/Library/PrivateFrameworks/SpeechRecognitionCore.framework/Versions/A/SpeechRecognitionCore
0x0000000109000000 	/Applications/Android Studio.app/Contents/jre/Contents/Home/lib/server/libjvm.dylib
0x00000001029b3000 	/Applications/Android Studio.app/Contents/jre/Contents/Home/lib/libverify.dylib
0x00000001029c6000 	/Applications/Android Studio.app/Contents/jre/Contents/Home/lib/libjava.dylib
0x0000000102a01000 	/Applications/Android Studio.app/Contents/jre/Contents/Home/lib/libjimage.dylib
0x0000000102a15000 	/Applications/Android Studio.app/Contents/jre/Contents/Home/lib/libjdwp.dylib
0x0000000102aab000 	/Applications/Android Studio.app/Contents/jre/Contents/Home/lib/libzip.dylib
0x0000000102fe5000 	/Applications/Android Studio.app/Contents/jre/Contents/Home/lib/libdt_socket.dylib
0x000000010a925000 	/Applications/Android Studio.app/Contents/jre/Contents/Home/lib/libnio.dylib
0x000000010a940000 	/Applications/Android Studio.app/Contents/jre/Contents/Home/lib/libnet.dylib
0x000000010ab63000 	/Applications/Android Studio.app/Contents/jre/Contents/Home/lib/libextnet.dylib


VM Arguments:
jvm_args: -Djava.awt.headless=true -Dorg.gradle.internal.worker.tmpdir=/Users/tritranhuu/Documents/AndroidStudioProjects/GeoComply/app/build/tmp/testDebugUnitTest/work -Dorg.gradle.native=false -agentlib:jdwp=transport=dt_socket,server=n,suspend=y,address=53937 --add-opens=java.base/java.util=ALL-UNNAMED --add-opens=java.base/java.lang=ALL-UNNAMED -Xmx512m -Dfile.encoding=UTF-8 -Duser.country=VN -Duser.language=en -Duser.variant -ea 
java_command: worker.org.gradle.process.internal.worker.GradleWorkerMain 'Gradle Test Executor 95'
java_class_path (initial): /Users/tritranhuu/.gradle/caches/7.0.2/workerMain/gradle-worker.jar:/Users/tritranhuu/Documents/AndroidStudioProjects/GeoComply/app/build/intermediates/javac/debugUnitTest/classes:/Users/tritranhuu/Documents/AndroidStudioProjects/GeoComply/app/build/intermediates/java_res/debugUnitTest/out:/Users/tritranhuu/Documents/AndroidStudioProjects/GeoComply/app/build/intermediates/app_classes/debug/classes.jar:/Users/tritranhuu/.gradle/caches/transforms-3/cb40ba3b481d7bd67651b1c171eb6bea/transformed/jetified-junit-jupiter-params-5.8.2.jar:/Users/tritranhuu/.gradle/caches/transforms-3/48003093a4ae764f3688e5d7318fc8ac/transformed/jetified-junit-jupiter-engine-5.8.2.jar:/Users/tritranhuu/.gradle/caches/transforms-3/f56b1e449814773857cd7afa8947fd86/transformed/jetified-junit-jupiter-api-5.8.2.jar:/Users/tritranhuu/.gradle/caches/transforms-3/9334c328590b695639f3a00ece6c9227/transformed/jetified-junit-platform-engine-1.8.2.jar:/Users/tritranhuu/.gradle/caches/transforms-3/bb69b4029a1e30d99e32a0654342f5d9/transformed/jetified-junit-platform-commons-1.8.2.jar:/Users/tritranhuu/.gradle/caches/transforms-3/5e05fbcebbd04984d2c0ca39810de773/transformed/jetified-junit-jupiter-5.8.2.jar:/Users/tritranhuu/.gradle/caches/transforms-3/24121f5d1ecbd6d6de6a84232f1624dc/transformed/jetified-junit-4.13.2.jar:/Users/tritranhuu/.gradle/caches/transforms-3/dd04ce4a25e9adc60fec8de9373a0c22/transformed/jetified-mockito-core-2.19.0.jar:/Users/tritranhuu/.gradle/caches/transforms-3/08ec7c4de51bac73f99129810a82c69d/transformed/jetified-jsoup-1.14.3.jar:/Users/tritranhuu/.gradle/caches/transforms-3/191d43e0beede5b429956187722faa0d/transformed/jetified-rxandroid-3.0.0-runtime.jar:/Users/tritranhuu/.gradle/caches/transforms-3/a3da45d1c79df9efb27f5f27df7eefc5/transformed/jetified-rxjava-3.1.3.jar:/Users/tritranhuu/.gradle/caches/transforms-3/215a31210333bead75e876b67c1a97d3/transformed/jetified-gson-2.8.9.jar:/Users/tritranhuu/.gradle/caches/transforms-3/2bef2cb034ae9bdf1b300ad
Launcher Type: SUN_STANDARD

[Global flags]
     intx CICompilerCount                          = 4                                         {product} {ergonomic}
     uint ConcGCThreads                            = 3                                         {product} {ergonomic}
     uint G1ConcRefinementThreads                  = 10                                        {product} {ergonomic}
   size_t G1HeapRegionSize                         = 1048576                                   {product} {ergonomic}
    uintx GCDrainStackTargetSize                   = 64                                        {product} {ergonomic}
   size_t InitialHeapSize                          = 268435456                                 {product} {ergonomic}
   size_t MarkStackSize                            = 4194304                                   {product} {ergonomic}
   size_t MaxHeapSize                              = 536870912                                 {product} {command line}
   size_t MaxNewSize                               = 321912832                                 {product} {ergonomic}
   size_t MinHeapDeltaBytes                        = 1048576                                   {product} {ergonomic}
    uintx NonNMethodCodeHeapSize                   = 5836300                                {pd product} {ergonomic}
    uintx NonProfiledCodeHeapSize                  = 122910970                              {pd product} {ergonomic}
    uintx ProfiledCodeHeapSize                     = 122910970                              {pd product} {ergonomic}
    uintx ReservedCodeCacheSize                    = 251658240                              {pd product} {ergonomic}
     bool SegmentedCodeCache                       = true                                      {product} {ergonomic}
     bool UseCompressedClassPointers               = true                                 {lp64_product} {ergonomic}
     bool UseCompressedOops                        = true                                 {lp64_product} {ergonomic}
     bool UseG1GC                                  = true                                      {product} {ergonomic}

Logging:
Log output configuration:
 #0: stdout all=warning uptime,level,tags
 #1: stderr all=off uptime,level,tags

Environment Variables:
PATH=/usr/local/bin:/usr/bin:/bin:/usr/sbin:/sbin:/Applications/VMware Fusion.app/Contents/Public:/Library/Apple/usr/bin:/Users/tritranhuu/Library/Android/sdk/emulator:/Users/tritranhuu/Library/Android/sdk/tools:/Users/tritranhuu/Library/Android/sdk/tools/bin:/Users/tritranhuu/Library/Android/sdk/platform-tools:/Users/tritranhuu/Library/Android/sdk/build-tools/29.0.1:/Users/tritranhuu/Documents/flutter/bin:/Users/tritranhuu/Library/Android/sdk/tools:/Users/tritranhuu/Library/Android/sdk/platform-tools
SHELL=/bin/zsh
LC_CTYPE=en_US.UTF-8

Signal Handlers:
SIGSEGV: [libjvm.dylib+0x78fc66], sa_mask[0]=11111111011111110111111111111111, sa_flags=SA_ONSTACK|SA_RESTART|SA_SIGINFO
SIGBUS: [libjvm.dylib+0x78fc66], sa_mask[0]=11111111011111110111111111111111, sa_flags=SA_RESTART|SA_SIGINFO
SIGFPE: [libjvm.dylib+0x78fc66], sa_mask[0]=11111111011111110111111111111111, sa_flags=SA_RESTART|SA_SIGINFO
SIGPIPE: [libjvm.dylib+0x5feb77], sa_mask[0]=11111111011111110111111111111111, sa_flags=SA_RESTART|SA_SIGINFO
SIGXFSZ: [libjvm.dylib+0x5feb77], sa_mask[0]=11111111011111110111111111111111, sa_flags=SA_RESTART|SA_SIGINFO
SIGILL: [libjvm.dylib+0x78fc66], sa_mask[0]=11111111011111110111111111111111, sa_flags=SA_RESTART|SA_SIGINFO
SIGUSR2: [libjvm.dylib+0x5ff156], sa_mask[0]=00100000000000000000000000000000, sa_flags=SA_RESTART|SA_SIGINFO
SIGHUP: [libjvm.dylib+0x5fdc3f], sa_mask[0]=11111111011111110111111111111111, sa_flags=SA_RESTART|SA_SIGINFO
SIGINT: [libjvm.dylib+0x5fdc3f], sa_mask[0]=11111111011111110111111111111111, sa_flags=SA_RESTART|SA_SIGINFO
SIGTERM: [libjvm.dylib+0x5fdc3f], sa_mask[0]=11111111011111110111111111111111, sa_flags=SA_RESTART|SA_SIGINFO
SIGQUIT: [libjvm.dylib+0x5fdc3f], sa_mask[0]=11111111011111110111111111111111, sa_flags=SA_RESTART|SA_SIGINFO


---------------  S Y S T E M  ---------------

OS:uname:Darwin 20.5.0 Darwin Kernel Version 20.5.0: Sat May  8 05:10:33 PDT 2021; root:xnu-7195.121.3~9/RELEASE_X86_64 x86_64
OS uptime: 2 days 2:04 hours
rlimit (soft/hard): STACK 8192k/65532k , CORE 0k/infinity , NPROC 2784/4176 , NOFILE 10240/infinity , AS infinity/infinity , CPU infinity/infinity , DATA infinity/infinity , FSIZE infinity/infinity , MEMLOCK infinity/infinity , RSS infinity/infinity
load average:1.77 1.93 1.94

CPU:total 12 (initial active 12) (6 cores per cpu, 2 threads per core) family 6 model 158 stepping 10 microcode 0xea, cmov, cx8, fxsr, mmx, sse, sse2, sse3, ssse3, sse4.1, sse4.2, popcnt, avx, avx2, aes, clmul, erms, rtm, 3dnowpref, lzcnt, ht, tsc, tscinvbit, bmi1, bmi2, adx, fma

Memory: 4k page, physical 16777216k(27364k free), swap 2097152k(1201664k free)

vm_info: OpenJDK 64-Bit Server VM (11.0.10+0-b96-7281165) for bsd-amd64 JRE (11.0.10+0-b96-7281165), built on Apr 14 2021 15:20:36 by "builder" with gcc Android (6875598, based on r399163b) Clang 11.0.5 (https://android.googlesource.com/toolchain/llvm-project 87f1315dfbea7c137aa2e6d362dbb457e388158d)

END.
